#
# A fatal error has been detected by the Java Runtime Environment:
#
#  SIGSEGV (0xb) at pc=0x0000000105833283, pid=19849, tid=28167
#
# JRE version: OpenJDK Runtime Environment (19.0.2+7) (build 19.0.2+7-44)
# Java VM: OpenJDK 64-Bit Server VM (19.0.2+7-44, mixed mode, sharing, tiered, compressed oops, compressed class ptrs, g1 gc, bsd-amd64)
# Problematic frame:
# V  [libjvm.dylib+0x539283]  InstanceKlass::is_same_class_package(Klass const*) const+0x83
#
# No core dump will be written. Core dumps have been disabled. To enable core dumping, try "ulimit -c unlimited" before starting Java again
#
# If you would like to submit a bug report, please visit:
#   https://bugreport.java.com/bugreport/crash.jsp
#

---------------  S U M M A R Y ------------

Command Line: -javaagent:/Applications/IntelliJ IDEA CE.app/Contents/lib/idea_rt.jar=56233:/Applications/IntelliJ IDEA CE.app/Contents/bin -Dfile.encoding=UTF-8 -Dsun.stdout.encoding=UTF-8 -Dsun.stderr.encoding=UTF-8 com.AjoPay.AjoPay.AjoPayApplication

Host: "MacBookAir7,2" x86_64 1600 MHz, 4 cores, 8G, Darwin 20.3.0, macOS 11.2.3 (20D91)
Time: Wed Nov  1 09:33:14 2023 WAT elapsed time: 45542.852110 seconds (0d 12h 39m 2s)

---------------  T H R E A D  ---------------

Current thread (0x00007feb82ae5200):  JavaThread "Thread-1" [_thread_in_vm, id=28167, stack(0x0000700005ae8000,0x0000700005be8000)]

Stack: [0x0000700005ae8000,0x0000700005be8000],  sp=0x0000700005be7230,  free space=1020k
Native frames: (J=compiled Java code, j=interpreted, Vv=VM code, C=native code)
V  [libjvm.dylib+0x539283]  InstanceKlass::is_same_class_package(Klass const*) const+0x83
V  [libjvm.dylib+0x965baf]  Reflection::verify_class_access(Klass const*, InstanceKlass const*, bool)+0x2f
V  [libjvm.dylib+0x775ca5]  LinkResolver::check_klass_accessibility(Klass*, Klass*, JavaThread*)+0x45
V  [libjvm.dylib+0x368375]  ConstantPool::klass_at_impl(constantPoolHandle const&, int, JavaThread*)+0x285
V  [libjvm.dylib+0x368dc9]  ConstantPool::klass_ref_at(int, JavaThread*)+0xa9
V  [libjvm.dylib+0x775bcc]  LinkInfo::LinkInfo(constantPoolHandle const&, int, JavaThread*)+0x3c
V  [libjvm.dylib+0x77b3cb]  LinkResolver::resolve_invokeinterface(CallInfo&, Handle, constantPoolHandle const&, int, JavaThread*)+0x2b
V  [libjvm.dylib+0x55b09a]  InterpreterRuntime::resolve_invoke(JavaThread*, Bytecodes::Code)+0x33a
V  [libjvm.dylib+0x55b7f9]  InterpreterRuntime::resolve_from_cache(JavaThread*, Bytecodes::Code)+0x59
j  org.springframework.boot.web.context.WebServerGracefulShutdownLifecycle.stop(Ljava/lang/Runnable;)V+15
j  org.springframework.context.support.DefaultLifecycleProcessor.doStop(Ljava/util/Map;Ljava/lang/String;Ljava/util/concurrent/CountDownLatch;Ljava/util/Set;)V+152
j  org.springframework.context.support.DefaultLifecycleProcessor$LifecycleGroup.stop()V+163
j  org.springframework.context.support.DefaultLifecycleProcessor.stopBeans()V+100
j  org.springframework.context.support.DefaultLifecycleProcessor.onClose()V+1
j  org.springframework.context.support.AbstractApplicationContext.doClose()V+89
j  org.springframework.boot.web.servlet.context.ServletWebServerApplicationContext.doClose()V+15
j  org.springframework.context.support.AbstractApplicationContext.close()V+8
j  org.springframework.boot.devtools.restart.Restarter.stop()V+51
j  org.springframework.boot.devtools.restart.Restarter.lambda$restart$1(Lorg/springframework/boot/devtools/restart/FailureHandler;)Ljava/lang/Object;+1
j  org.springframework.boot.devtools.restart.Restarter$$Lambda$1446+0x0000000801903380.call()Ljava/lang/Object;+8
j  org.springframework.boot.devtools.restart.Restarter$LeakSafeThread.run()V+28
v  ~StubRoutines::call_stub 0x00000001193c3cc6
V  [libjvm.dylib+0x5633d1]  JavaCalls::call_helper(JavaValue*, methodHandle const&, JavaCallArguments*, JavaThread*)+0x2a1
V  [libjvm.dylib+0x562447]  JavaCalls::call_virtual(JavaValue*, Klass*, Symbol*, Symbol*, JavaCallArguments*, JavaThread*)+0x147
V  [libjvm.dylib+0x562513]  JavaCalls::call_virtual(JavaValue*, Handle, Klass*, Symbol*, Symbol*, JavaThread*)+0x63
V  [libjvm.dylib+0x60ba68]  thread_entry(JavaThread*, JavaThread*)+0x98
V  [libjvm.dylib+0xa65c85]  JavaThread::thread_main_inner()+0x125
V  [libjvm.dylib+0xa63e4f]  Thread::call_run()+0xcf
V  [libjvm.dylib+0x8f7677]  thread_native_entry(Thread*)+0x147
C  [libsystem_pthread.dylib+0x6950]  _pthread_start+0xe0
C  [libsystem_pthread.dylib+0x247b]  thread_start+0xf

Java frames: (J=compiled Java code, j=interpreted, Vv=VM code)
j  org.springframework.boot.web.context.WebServerGracefulShutdownLifecycle.stop(Ljava/lang/Runnable;)V+15
j  org.springframework.context.support.DefaultLifecycleProcessor.doStop(Ljava/util/Map;Ljava/lang/String;Ljava/util/concurrent/CountDownLatch;Ljava/util/Set;)V+152
j  org.springframework.context.support.DefaultLifecycleProcessor$LifecycleGroup.stop()V+163
j  org.springframework.context.support.DefaultLifecycleProcessor.stopBeans()V+100
j  org.springframework.context.support.DefaultLifecycleProcessor.onClose()V+1
j  org.springframework.context.support.AbstractApplicationContext.doClose()V+89
j  org.springframework.boot.web.servlet.context.ServletWebServerApplicationContext.doClose()V+15
j  org.springframework.context.support.AbstractApplicationContext.close()V+8
j  org.springframework.boot.devtools.restart.Restarter.stop()V+51
j  org.springframework.boot.devtools.restart.Restarter.lambda$restart$1(Lorg/springframework/boot/devtools/restart/FailureHandler;)Ljava/lang/Object;+1
j  org.springframework.boot.devtools.restart.Restarter$$Lambda$1446+0x0000000801903380.call()Ljava/lang/Object;+8
j  org.springframework.boot.devtools.restart.Restarter$LeakSafeThread.run()V+28
v  ~StubRoutines::call_stub 0x00000001193c3cc6

siginfo: si_signo: 11 (SIGSEGV), si_code: 1 (SEGV_MAPERR), si_addr: 0x0000001105fcd930

Registers:
RAX=0x0000001105fcd8a0, RBX=0x00007feb81d5fbf0, RCX=0x0000000000000000, RDX=0x0000000000000001
RSP=0x0000700005be7230, RBP=0x0000700005be7250, RSI=0x00000008011beb70, RDI=0x00000008011beb70
R8 =0x0000000780000000, R9 =0x00007feb82ae5200, R10=0x0000000106052940, R11=0x0000000000000000
R12=0x000000078049a6d0, R13=0x00000008014545e8, R14=0x000000078049a6d0, R15=0x00000008011beb70
RIP=0x0000000105833283, EFLAGS=0x0000000000010202, ERR=0x0000000000000004
  TRAPNO=0x000000000000000e


Register to memory mapping:

RAX=0x0000001105fcd8a0 is an unknown value
RBX=0x00007feb81d5fbf0 points into unknown readable memory: 0x50000000f5fe00e9 | e9 00 fe f5 00 00 00 50
RCX=0x0 is NULL
RDX=0x0000000000000001 is an unknown value
RSP=0x0000700005be7230 is pointing into the stack for thread: 0x00007feb82ae5200
RBP=0x0000700005be7250 is pointing into the stack for thread: 0x00007feb82ae5200
RSI=0x00000008011beb70 is a pointer to class: 

[error occurred during error reporting (printing register info), id 0xb, SIGSEGV (0xb) at pc=0x0000000105bee47b]

Top of Stack: (sp=0x0000700005be7230)
0x0000700005be7230:   00000008014545e8 0000000000000001
0x0000700005be7240:   0000000000000000 00000008011beb70
0x0000700005be7250:   0000700005be7290 0000000105c5fbaf
0x0000700005be7260:   0000000000000000 00000008011beb70
0x0000700005be7270:   0000700005be7380 00000008014545e8
0x0000700005be7280:   00007feb82ae5200 000000000000001f
0x0000700005be7290:   0000700005be7310 0000000105a6fca5
0x0000700005be72a0:   000000012aa43390 00007feb85655530
0x0000700005be72b0:   00007feb81d5f630 00007feb85655538
0x0000700005be72c0:   0000000000000001 00007feb82ae5200
0x0000700005be72d0:   0000700005be7310 0000000105d1ecf4
0x0000700005be72e0:   0000000106034d81 0000000780a651b0
0x0000700005be72f0:   0000700005be7380 00000008011beb70
0x0000700005be7300:   00007feb82ae5200 000000000000001f
0x0000700005be7310:   0000700005be7370 0000000105662375
0x0000700005be7320:   0000700005be7360 00007feb81d5f630
0x0000700005be7330:   0000000000000004 000000000000001f
0x0000700005be7340:   00007feb85655530 00007feb85e078d0
0x0000700005be7350:   000000000000001f 0000700005be7520
0x0000700005be7360:   00007feb82ae5200 0000700005be7380
0x0000700005be7370:   0000700005be73b0 0000000105662dc9
0x0000700005be7380:   0000000128c92de8 00007feb82ae5200
0x0000700005be7390:   0000700005be7408 00007feb82ae5200
0x0000700005be73a0:   0000700005be74b0 0000000000000004
0x0000700005be73b0:   0000700005be73f0 0000000105a6fbcc
0x0000700005be73c0:   0000000000000001 0000700005be7458
0x0000700005be73d0:   00007feb82ae5200 0000000000000000
0x0000700005be73e0:   00007feb85655528 00007feb82ae5200
0x0000700005be73f0:   0000700005be7480 0000000105a753cb
0x0000700005be7400:   0000000000000041 000000030000000e
0x0000700005be7410:   0000000800470090 0000000000000000
0x0000700005be7420:   0000700005be74c0 0000000000000000 

Instructions: (pc=0x0000000105833283)
0x0000000105833183:   ff ff ff 48 89 8d 48 ff ff ff 4c 89 85 50 ff ff
0x0000000105833193:   ff 4c 89 8d 58 ff ff ff 48 8b 05 de 2f 6e 00 48
0x00000001058331a3:   8b 00 48 89 45 f8 48 8d 85 30 ff ff ff 48 89 45
0x00000001058331b3:   f0 48 8d 45 10 48 89 45 e8 48 b8 08 00 00 00 30
0x00000001058331c3:   00 00 00 48 89 45 e0 48 8d 3d 97 e8 7b 00 48 8d
0x00000001058331d3:   4d e0 be 01 00 00 00 4c 89 d2 e8 fe 2a 25 00 48
0x00000001058331e3:   8b 05 97 2f 6e 00 48 8b 00 48 3b 45 f8 75 09 48
0x00000001058331f3:   81 c4 d0 00 00 00 5d c3 e8 00 6f 61 00 55 48 89
0x0000000105833203:   e5 41 57 41 56 41 54 53 49 89 f7 48 89 fb 48 8b
0x0000000105833213:   87 98 00 00 00 48 8b 78 08 48 85 ff 74 0b ff 15
0x0000000105833223:   29 b2 7b 00 49 89 c6 eb 03 45 31 f6 48 8b 03 48
0x0000000105833233:   89 df ff 90 90 00 00 00 48 89 c3 41 8b 4f 0c 83
0x0000000105833243:   f9 06 75 0b 4d 8b bf d8 00 00 00 41 8b 4f 0c 45
0x0000000105833253:   31 e4 b8 00 00 00 00 83 f9 04 7f 2a 49 8b 87 98
0x0000000105833263:   00 00 00 48 8b 78 08 48 85 ff 74 0b ff 15 db b1
0x0000000105833273:   7b 00 49 89 c4 eb 03 45 31 e4 49 8b 07 4c 89 ff
0x0000000105833283:   ff 90 90 00 00 00 4d 31 e6 48 31 c3 4c 09 f3 0f
0x0000000105833293:   94 c0 5b 41 5c 41 5e 41 5f 5d c3 66 90 55 48 89
0x00000001058332a3:   e5 41 57 41 56 41 55 41 54 53 48 81 ec e8 00 00
0x00000001058332b3:   00 48 8b 05 c5 2e 6e 00 48 8b 00 48 89 45 d0 48
0x00000001058332c3:   8b 87 e8 00 00 00 48 85 c0 0f 85 c9 05 00 00 49
0x00000001058332d3:   89 f4 49 89 fd 4c 8b be 50 02 00 00 41 0f 10 47
0x00000001058332e3:   10 0f 29 85 00 ff ff ff 4d 8b 77 20 49 8b 47 28
0x00000001058332f3:   48 89 85 10 ff ff ff 66 83 bf 18 01 00 00 00 0f
0x0000000105833303:   84 32 01 00 00 49 8b 04 24 4c 89 e7 ff 90 a0 00
0x0000000105833313:   00 00 84 c0 4c 89 bd 40 ff ff ff 4c 89 b5 30 ff
0x0000000105833323:   ff ff 0f 84 3b 01 00 00 48 83 3d ed e6 7b 00 00
0x0000000105833333:   74 3b 4c 89 ef e8 53 7d 20 00 48 89 c3 49 8b bd
0x0000000105833343:   d0 00 00 00 41 0f b7 b5 18 01 00 00 e8 9c fa e2
0x0000000105833353:   ff 48 89 c7 e8 04 0e 4e 00 48 8d 3d e7 c7 64 00
0x0000000105833363:   48 89 de 48 89 c2 31 c0 e8 20 fa ff ff 4d 8b bd
0x0000000105833373:   d0 00 00 00 45 0f b7 b5 18 01 00 00 4c 89 bd 48 


Stack slot to memory mapping:
stack at sp + 0 slots: 0x00000008014545e8 is a pointer to class: 
org.springframework.boot.web.context.WebServerGracefulShutdownLifecycle {0x00000008014545e8}
 - instance size:     3
 - klass size:        80
 - access:            public final synchronized 
 - state:             fully_initialized
 - name:              'org/springframework/boot/web/context/WebServerGracefulShutdownLifecycle'
 - super:             'java/lang/Object'
 - sub:               
 - arrays:            NULL
 - methods:           Array<T>(0x0000000128c93170)
 - method ordering:   Array<T>(0x0000000800b0d290)
 - default_methods:   Array<T>(0x0000000128c936f8)
 - default vtable indices:   Array<T>(0x0000000128c93708)
 - local interfaces:  Array<T>(0x0000000128c93130)
 - trans. interfaces: Array<T>(0x0000000128c936d8)
 - constants:         constant pool [86]/operands[7] {0x0000000128c92de8} for 'org/springframework/boot/web/context/WebServerGracefulShutdownLifecycle' cache=0x0000000128c93718
 - class loader data:  loader data: 0x00007feb81f19180 for instance a 'jdk/internal/loader/ClassLoaders$AppClassLoader'{0x000000078049a6d0}
 - source file:       'WebServerGracefulShutdownLifecycle.java'
 - class annotations:       Array<T>(0x0000000000000000)
 - class type annotations:  Array<T>(0x0000000000000000)
 - field annotations:       Array<T>(0x0000000000000000)
 - field type annotations:  Array<T>(0x0000000000000000)
 - inner classes:     Array<T>(0x0000000128c936c0)
 - nest members:     Array<T>(0x0000000800600450)
 - permitted subclasses:     Array<T>(0x0000000800600450)
 - java mirror:       a 'java/lang/Class'{0x00000007814a38f0} = 'org/springframework/boot/web/context/WebServerGracefulShutdownLifecycle'
 - vtable length      6  (start addr: 0x00000008014547a0)
 - itable length      18 (start addr: 0x00000008014547d0)
 - ---- static fields (1 words):
 - public static final 'SMART_LIFECYCLE_PHASE' 'I' @112 
 - ---- non-static fields (2 words):
 - private volatile 'running' 'Z' @12 
 - private final 'webServer' 'Lorg/springframework/boot/web/server/WebServer;' @16 
 - non-static oop maps: 16-16 
stack at sp + 1 slots: 0x0000000000000001 is an unknown value
stack at sp + 2 slots: 0x0 is NULL
stack at sp + 3 slots: 0x00000008011beb70 is a pointer to class: 

[error occurred during error reporting (inspecting top of stack), id 0xb, SIGSEGV (0xb) at pc=0x0000000105bee47b]


---------------  P R O C E S S  ---------------

Threads class SMR info:
_java_thread_list=0x00007feb86144080, length=29, elements={
0x00007feb8201dc00, 0x00007feb8207ae00, 0x00007feb8207b400, 0x00007feb8207a600,
0x00007feb84010800, 0x00007feb8303b400, 0x00007feb8303e400, 0x00007feb8303ea00,
0x00007feb82820800, 0x00007feb8207be00, 0x00007feb82315400, 0x00007feb826a1600,
0x00007feb83425400, 0x00007feb84022200, 0x00007feb826e4000, 0x00007feb82aef400,
0x00007feb844a9400, 0x00007feb844a9a00, 0x00007feb84406600, 0x00007feb84406c00,
0x00007feb84407200, 0x00007feb84407800, 0x00007feb82355c00, 0x00007feb847e6000,
0x00007feb847e6600, 0x00007feb82aefa00, 0x00007feb822a3c00, 0x00007feb8357d200,
0x00007feb82ae5200
}

Java Threads: ( => current thread )
  0x00007feb8201dc00 JavaThread "Reference Handler" daemon [_thread_blocked, id=22275, stack(0x00007000051cd000,0x00007000052cd000)]
  0x00007feb8207ae00 JavaThread "Finalizer" daemon [_thread_blocked, id=22531, stack(0x00007000052d0000,0x00007000053d0000)]
  0x00007feb8207b400 JavaThread "Signal Dispatcher" daemon [_thread_blocked, id=23043, stack(0x00007000053d3000,0x00007000054d3000)]
  0x00007feb8207a600 JavaThread "Service Thread" daemon [_thread_blocked, id=23555, stack(0x00007000054d6000,0x00007000055d6000)]
  0x00007feb84010800 JavaThread "Monitor Deflation Thread" daemon [_thread_blocked, id=24067, stack(0x00007000055d9000,0x00007000056d9000)]
  0x00007feb8303b400 JavaThread "C2 CompilerThread0" daemon [_thread_blocked, id=42243, stack(0x00007000056dc000,0x00007000057dc000)]
  0x00007feb8303e400 JavaThread "C1 CompilerThread0" daemon [_thread_blocked, id=41731, stack(0x00007000057df000,0x00007000058df000)]
  0x00007feb8303ea00 JavaThread "Sweeper thread" daemon [_thread_blocked, id=24323, stack(0x00007000058e2000,0x00007000059e2000)]
  0x00007feb82820800 JavaThread "Common-Cleaner" daemon [_thread_blocked, id=40963, stack(0x00007000059e5000,0x0000700005ae5000)]
  0x00007feb8207be00 JavaThread "Notification Thread" daemon [_thread_blocked, id=25091, stack(0x0000700005beb000,0x0000700005ceb000)]
  0x00007feb82315400 JavaThread "Catalina-utility-1" [_thread_blocked, id=26375, stack(0x0000700006300000,0x0000700006400000)]
  0x00007feb826a1600 JavaThread "Catalina-utility-2" [_thread_blocked, id=17939, stack(0x0000700006403000,0x0000700006503000)]
  0x00007feb83425400 JavaThread "container-0" [_thread_blocked, id=26627, stack(0x0000700006506000,0x0000700006606000)]
  0x00007feb84022200 JavaThread "mysql-cj-abandoned-connection-cleanup" daemon [_thread_blocked, id=27139, stack(0x0000700006609000,0x0000700006709000)]
  0x00007feb826e4000 JavaThread "HikariPool-1 housekeeper" daemon [_thread_blocked, id=27907, stack(0x000070000670c000,0x000070000680c000)]
  0x00007feb82aef400 JavaThread "http-nio-8080-exec-1" daemon [_thread_blocked, id=37123, stack(0x0000700006a15000,0x0000700006b15000)]
  0x00007feb844a9400 JavaThread "http-nio-8080-exec-2" daemon [_thread_blocked, id=36867, stack(0x0000700006b18000,0x0000700006c18000)]
  0x00007feb844a9a00 JavaThread "http-nio-8080-exec-3" daemon [_thread_blocked, id=36611, stack(0x0000700006c1b000,0x0000700006d1b000)]
  0x00007feb84406600 JavaThread "http-nio-8080-exec-4" daemon [_thread_blocked, id=29699, stack(0x0000700006d1e000,0x0000700006e1e000)]
  0x00007feb84406c00 JavaThread "http-nio-8080-exec-5" daemon [_thread_blocked, id=36099, stack(0x0000700006e21000,0x0000700006f21000)]
  0x00007feb84407200 JavaThread "http-nio-8080-exec-6" daemon [_thread_blocked, id=35843, stack(0x0000700006f24000,0x0000700007024000)]
  0x00007feb84407800 JavaThread "http-nio-8080-exec-7" daemon [_thread_blocked, id=35331, stack(0x0000700007027000,0x0000700007127000)]
  0x00007feb82355c00 JavaThread "http-nio-8080-exec-8" daemon [_thread_blocked, id=35075, stack(0x000070000712a000,0x000070000722a000)]
  0x00007feb847e6000 JavaThread "http-nio-8080-exec-9" daemon [_thread_blocked, id=30467, stack(0x000070000722d000,0x000070000732d000)]
  0x00007feb847e6600 JavaThread "http-nio-8080-exec-10" daemon [_thread_blocked, id=34563, stack(0x0000700007330000,0x0000700007430000)]
  0x00007feb82aefa00 JavaThread "http-nio-8080-Poller" daemon [_thread_in_native, id=31235, stack(0x0000700007433000,0x0000700007533000)]
  0x00007feb822a3c00 JavaThread "http-nio-8080-Acceptor" daemon [_thread_in_native, id=31747, stack(0x0000700007536000,0x0000700007636000)]
  0x00007feb8357d200 JavaThread "DestroyJavaVM" [_thread_blocked, id=5635, stack(0x00007000049b2000,0x0000700004ab2000)]
=>0x00007feb82ae5200 JavaThread "Thread-1" [_thread_in_vm, id=28167, stack(0x0000700005ae8000,0x0000700005be8000)]

Other Threads:
  0x00007feb81d0d840 VMThread "VM Thread" [stack: 0x0000700004fc4000,0x00007000050c4000] [id=16131]
  0x00007feb81c593f0 WatcherThread "VM Periodic Task Thread" [stack: 0x0000700005cee000,0x0000700005dee000] [id=40195]
  0x00007feb81c20e50 WorkerThread "GC Thread#0" [stack: 0x0000700004ab5000,0x0000700004bb5000] [id=20483]
  0x00007feb81d5dd00 WorkerThread "GC Thread#1" [stack: 0x0000700005df1000,0x0000700005ef1000] [id=39939]
  0x00007feb81e67c80 WorkerThread "GC Thread#2" [stack: 0x0000700005ef4000,0x0000700005ff4000] [id=25859]
  0x00007feb81f91c40 WorkerThread "GC Thread#3" [stack: 0x00007000061fd000,0x00007000062fd000] [id=38659]
  0x00007feb81d07900 ConcurrentGCThread "G1 Main Marker" [stack: 0x0000700004bb8000,0x0000700004cb8000] [id=13059]
  0x00007feb81e089d0 WorkerThread "G1 Conc#0" [stack: 0x0000700004cbb000,0x0000700004dbb000] [id=13571]
  0x00007feb81c39c30 ConcurrentGCThread "G1 Refine#0" [stack: 0x0000700004dbe000,0x0000700004ebe000] [id=19203]
  0x00007feb81c3aa50 ConcurrentGCThread "G1 Service" [stack: 0x0000700004ec1000,0x0000700004fc1000] [id=14083]

Threads with active compile tasks:

VM state: not at safepoint (normal execution)

VM Mutex/Monitor currently owned by a thread: None

Heap address: 0x0000000780000000, size: 2048 MB, Compressed Oops mode: Zero based, Oop shift amount: 3

CDS archive(s) mapped at: [0x0000000800000000-0x0000000800c44000-0x0000000800c44000), size 12861440, SharedBaseAddress: 0x0000000800000000, ArchiveRelocationMode: 0.
Compressed class space mapped at: 0x0000000801000000-0x0000000841000000, reserved size: 1073741824
Narrow klass base: 0x0000000800000000, Narrow klass shift: 0, Narrow klass range: 0x100000000

GC Precious Log:
 CardTable entry size: 512
 Card Set container configuration: InlinePtr #cards 5 size 8 Array Of Cards #cards 12 size 40 Howl #buckets 4 coarsen threshold 1843 Howl Bitmap #cards 512 size 80 coarsen threshold 460 Card regions per heap region 1 cards per card region 2048
 CPUs: 4 total, 4 available
 Memory: 8192M
 Large Page Support: Disabled
 NUMA Support: Disabled
 Compressed Oops: Enabled (Zero based)
 Heap Region Size: 1M
 Heap Min Capacity: 8M
 Heap Initial Capacity: 128M
 Heap Max Capacity: 2G
 Pre-touch: Disabled
 Parallel Workers: 4
 Concurrent Workers: 1
 Concurrent Refinement Workers: 4
 Periodic GC: Disabled

Heap:
 garbage-first heap   total 66560K, used 36315K [0x0000000780000000, 0x0000000800000000)
  region size 1024K, 7 young (7168K), 1 survivors (1024K)
 Metaspace       used 68700K, committed 69312K, reserved 1114112K
  class space    used 8989K, committed 9280K, reserved 1048576K

Heap Regions: E=young(eden), S=young(survivor), O=old, HS=humongous(starts), HC=humongous(continues), CS=collection set, F=free, OA=open archive, CA=closed archive, TAMS=top-at-mark-start (previous, next)
|   0|0x0000000780000000, 0x0000000780100000, 0x0000000780100000|100%|HS|  |TAMS 0x0000000780100000, 0x0000000780000000| Complete 
|   1|0x0000000780100000, 0x0000000780200000, 0x0000000780200000|100%| O|  |TAMS 0x0000000780200000, 0x0000000780100000| Untracked 
|   2|0x0000000780200000, 0x0000000780300000, 0x0000000780300000|100%| O|  |TAMS 0x0000000780300000, 0x0000000780200000| Untracked 
|   3|0x0000000780300000, 0x0000000780400000, 0x0000000780400000|100%| O|  |TAMS 0x0000000780400000, 0x0000000780300000| Untracked 
|   4|0x0000000780400000, 0x0000000780500000, 0x0000000780500000|100%| O|  |TAMS 0x0000000780500000, 0x0000000780400000| Untracked 
|   5|0x0000000780500000, 0x0000000780600000, 0x0000000780600000|100%| O|  |TAMS 0x0000000780600000, 0x0000000780500000| Untracked 
|   6|0x0000000780600000, 0x0000000780700000, 0x0000000780700000|100%| O|  |TAMS 0x0000000780700000, 0x0000000780600000| Untracked 
|   7|0x0000000780700000, 0x0000000780800000, 0x0000000780800000|100%| O|  |TAMS 0x0000000780800000, 0x0000000780700000| Untracked 
|   8|0x0000000780800000, 0x0000000780900000, 0x0000000780900000|100%| O|  |TAMS 0x0000000780900000, 0x0000000780800000| Untracked 
|   9|0x0000000780900000, 0x0000000780a00000, 0x0000000780a00000|100%| O|  |TAMS 0x0000000780a00000, 0x0000000780900000| Untracked 
|  10|0x0000000780a00000, 0x0000000780b00000, 0x0000000780b00000|100%| O|  |TAMS 0x0000000780b00000, 0x0000000780a00000| Untracked 
|  11|0x0000000780b00000, 0x0000000780c00000, 0x0000000780c00000|100%| O|  |TAMS 0x0000000780c00000, 0x0000000780b00000| Untracked 
|  12|0x0000000780c00000, 0x0000000780d00000, 0x0000000780d00000|100%| O|  |TAMS 0x0000000780d00000, 0x0000000780c00000| Untracked 
|  13|0x0000000780d00000, 0x0000000780e00000, 0x0000000780e00000|100%| O|  |TAMS 0x0000000780e00000, 0x0000000780d00000| Untracked 
|  14|0x0000000780e00000, 0x0000000780f00000, 0x0000000780f00000|100%| O|  |TAMS 0x0000000780e00000, 0x0000000780e00000| Untracked 
|  15|0x0000000780f00000, 0x0000000781000000, 0x0000000781000000|100%| O|  |TAMS 0x0000000780f00000, 0x0000000780f00000| Untracked 
|  16|0x0000000781000000, 0x0000000781100000, 0x0000000781100000|100%| O|  |TAMS 0x0000000781100000, 0x0000000781000000| Untracked 
|  17|0x0000000781100000, 0x0000000781200000, 0x0000000781200000|100%| O|  |TAMS 0x0000000781200000, 0x0000000781100000| Untracked 
|  18|0x0000000781200000, 0x0000000781300000, 0x0000000781300000|100%| O|  |TAMS 0x0000000781300000, 0x0000000781200000| Untracked 
|  19|0x0000000781300000, 0x0000000781400000, 0x0000000781400000|100%| O|  |TAMS 0x0000000781400000, 0x0000000781300000| Untracked 
|  20|0x0000000781400000, 0x0000000781500000, 0x0000000781500000|100%| O|  |TAMS 0x0000000781500000, 0x0000000781400000| Untracked 
|  21|0x0000000781500000, 0x0000000781600000, 0x0000000781600000|100%| O|  |TAMS 0x0000000781600000, 0x0000000781500000| Untracked 
|  22|0x0000000781600000, 0x0000000781700000, 0x0000000781700000|100%| O|  |TAMS 0x00000007816a1000, 0x0000000781600000| Untracked 
|  23|0x0000000781700000, 0x0000000781800000, 0x0000000781800000|100%| O|  |TAMS 0x0000000781700000, 0x0000000781700000| Untracked 
|  24|0x0000000781800000, 0x0000000781900000, 0x0000000781900000|100%| O|  |TAMS 0x0000000781800000, 0x0000000781800000| Untracked 
|  25|0x0000000781900000, 0x0000000781a00000, 0x0000000781a00000|100%| O|  |TAMS 0x0000000781900000, 0x0000000781900000| Untracked 
|  26|0x0000000781a00000, 0x0000000781b00000, 0x0000000781b00000|100%| O|  |TAMS 0x0000000781a00000, 0x0000000781a00000| Untracked 
|  27|0x0000000781b00000, 0x0000000781c00000, 0x0000000781c00000|100%| O|  |TAMS 0x0000000781b00000, 0x0000000781b00000| Untracked 
|  28|0x0000000781c00000, 0x0000000781c8e800, 0x0000000781d00000| 55%| O|  |TAMS 0x0000000781c00000, 0x0000000781c00000| Untracked 
|  29|0x0000000781d00000, 0x0000000781d00000, 0x0000000781e00000|  0%| F|  |TAMS 0x0000000781d00000, 0x0000000781d00000| Untracked 
|  30|0x0000000781e00000, 0x0000000781e00000, 0x0000000781f00000|  0%| F|  |TAMS 0x0000000781e00000, 0x0000000781e00000| Untracked 
|  31|0x0000000781f00000, 0x0000000781f00000, 0x0000000782000000|  0%| F|  |TAMS 0x0000000781f00000, 0x0000000781f00000| Untracked 
|  32|0x0000000782000000, 0x0000000782000000, 0x0000000782100000|  0%| F|  |TAMS 0x0000000782000000, 0x0000000782000000| Untracked 
|  33|0x0000000782100000, 0x0000000782100000, 0x0000000782200000|  0%| F|  |TAMS 0x0000000782100000, 0x0000000782100000| Untracked 
|  34|0x0000000782200000, 0x0000000782200000, 0x0000000782300000|  0%| F|  |TAMS 0x0000000782200000, 0x0000000782200000| Untracked 
|  35|0x0000000782300000, 0x0000000782300000, 0x0000000782400000|  0%| F|  |TAMS 0x0000000782300000, 0x0000000782300000| Untracked 
|  36|0x0000000782400000, 0x0000000782400000, 0x0000000782500000|  0%| F|  |TAMS 0x0000000782400000, 0x0000000782400000| Untracked 
|  37|0x0000000782500000, 0x00000007825f4790, 0x0000000782600000| 95%| S|CS|TAMS 0x0000000782500000, 0x0000000782500000| Complete 
|  38|0x0000000782600000, 0x0000000782600000, 0x0000000782700000|  0%| F|  |TAMS 0x0000000782600000, 0x0000000782600000| Untracked 
|  39|0x0000000782700000, 0x0000000782700000, 0x0000000782800000|  0%| F|  |TAMS 0x0000000782700000, 0x0000000782700000| Untracked 
|  40|0x0000000782800000, 0x0000000782800000, 0x0000000782900000|  0%| F|  |TAMS 0x0000000782800000, 0x0000000782800000| Untracked 
|  41|0x0000000782900000, 0x0000000782900000, 0x0000000782a00000|  0%| F|  |TAMS 0x0000000782900000, 0x0000000782900000| Untracked 
|  42|0x0000000782a00000, 0x0000000782a00000, 0x0000000782b00000|  0%| F|  |TAMS 0x0000000782a00000, 0x0000000782a00000| Untracked 
|  43|0x0000000782b00000, 0x0000000782b00000, 0x0000000782c00000|  0%| F|  |TAMS 0x0000000782b00000, 0x0000000782b00000| Untracked 
|  44|0x0000000782c00000, 0x0000000782c00000, 0x0000000782d00000|  0%| F|  |TAMS 0x0000000782c00000, 0x0000000782c00000| Untracked 
|  45|0x0000000782d00000, 0x0000000782d00000, 0x0000000782e00000|  0%| F|  |TAMS 0x0000000782d00000, 0x0000000782d00000| Untracked 
|  46|0x0000000782e00000, 0x0000000782e00000, 0x0000000782f00000|  0%| F|  |TAMS 0x0000000782e00000, 0x0000000782e00000| Untracked 
|  47|0x0000000782f00000, 0x0000000782f00000, 0x0000000783000000|  0%| F|  |TAMS 0x0000000782f00000, 0x0000000782f00000| Untracked 
|  48|0x0000000783000000, 0x0000000783000000, 0x0000000783100000|  0%| F|  |TAMS 0x0000000783000000, 0x0000000783000000| Untracked 
|  49|0x0000000783100000, 0x0000000783100000, 0x0000000783200000|  0%| F|  |TAMS 0x0000000783100000, 0x0000000783100000| Untracked 
|  50|0x0000000783200000, 0x0000000783200000, 0x0000000783300000|  0%| F|  |TAMS 0x0000000783200000, 0x0000000783200000| Untracked 
|  51|0x0000000783300000, 0x0000000783300000, 0x0000000783400000|  0%| F|  |TAMS 0x0000000783300000, 0x0000000783300000| Untracked 
|  52|0x0000000783400000, 0x0000000783400000, 0x0000000783500000|  0%| F|  |TAMS 0x0000000783400000, 0x0000000783400000| Untracked 
|  53|0x0000000783500000, 0x0000000783500000, 0x0000000783600000|  0%| F|  |TAMS 0x0000000783500000, 0x0000000783500000| Untracked 
|  54|0x0000000783600000, 0x0000000783600000, 0x0000000783700000|  0%| F|  |TAMS 0x0000000783600000, 0x0000000783600000| Untracked 
|  55|0x0000000783700000, 0x0000000783700000, 0x0000000783800000|  0%| F|  |TAMS 0x0000000783700000, 0x0000000783700000| Untracked 
|  83|0x0000000785300000, 0x0000000785300000, 0x0000000785400000|  0%| F|  |TAMS 0x0000000785300000, 0x0000000785300000| Untracked 
|  84|0x0000000785400000, 0x000000078548ccf8, 0x0000000785500000| 55%| E|  |TAMS 0x0000000785400000, 0x0000000785400000| Complete 
|  85|0x0000000785500000, 0x0000000785600000, 0x0000000785600000|100%| E|CS|TAMS 0x0000000785500000, 0x0000000785500000| Complete 
|  86|0x0000000785600000, 0x0000000785700000, 0x0000000785700000|100%| E|CS|TAMS 0x0000000785600000, 0x0000000785600000| Complete 
|  87|0x0000000785700000, 0x0000000785800000, 0x0000000785800000|100%| E|CS|TAMS 0x0000000785700000, 0x0000000785700000| Complete 
|  88|0x0000000785800000, 0x0000000785900000, 0x0000000785900000|100%| E|CS|TAMS 0x0000000785800000, 0x0000000785800000| Complete 
| 127|0x0000000787f00000, 0x0000000788000000, 0x0000000788000000|100%| E|CS|TAMS 0x0000000787f00000, 0x0000000787f00000| Complete 
|2046|0x00000007ffe00000, 0x00000007ffe77000, 0x00000007fff00000| 46%|OA|  |TAMS 0x00000007ffe77000, 0x00000007ffe00000| Untracked 
|2047|0x00000007fff00000, 0x00000007fff7d000, 0x0000000800000000| 48%|CA|  |TAMS 0x00000007fff00000, 0x00000007fff00000| Untracked 

Card table byte_map: [0x0000000106adb000,0x0000000106edb000] _byte_map_base: 0x0000000102edb000

Marking Bits (Prev, Next): (CMBitMap*) 0x00007feb82809250, (CMBitMap*) 0x00007feb82809210
 Prev Bits: [0x0000000122e8c000, 0x0000000124e8c000)
 Next Bits: [0x0000000120e8c000, 0x0000000122e8c000)

Polling page: 0x000000010646b000

Metaspace:

Usage:
  Non-class:     58.31 MB used.
      Class:      8.78 MB used.
       Both:     67.09 MB used.

Virtual space:
  Non-class space:       64.00 MB reserved,      58.62 MB ( 92%) committed,  1 nodes.
      Class space:        1.00 GB reserved,       9.06 MB ( <1%) committed,  1 nodes.
             Both:        1.06 GB reserved,      67.69 MB (  6%) committed. 

Chunk freelists:
   Non-Class:  730.00 KB
       Class:  2.96 MB
        Both:  3.68 MB

MaxMetaspaceSize: unlimited
CompressedClassSpaceSize: 1.00 GB
Initial GC threshold: 21.00 MB
Current GC threshold: 99.19 MB
CDS: on
MetaspaceReclaimPolicy: balanced
 - commit_granule_bytes: 65536.
 - commit_granule_words: 8192.
 - virtual_space_node_default_size: 8388608.
 - enlarge_chunks_in_place: 1.
 - new_chunks_are_fully_committed: 0.
 - uncommit_free_chunks: 1.
 - use_allocation_guard: 0.


Internal statistics:

num_allocs_failed_limit: 12.
num_arena_births: 900.
num_arena_deaths: 0.
num_vsnodes_births: 2.
num_vsnodes_deaths: 0.
num_space_committed: 1083.
num_space_uncommitted: 0.
num_chunks_returned_to_freelist: 12.
num_chunks_taken_from_freelist: 3197.
num_chunk_merges: 12.
num_chunk_splits: 2352.
num_chunks_enlarged: 1916.
num_inconsistent_stats: 0.

CodeHeap 'non-profiled nmethods': size=120032Kb used=4186Kb max_used=4186Kb free=115845Kb
 bounds [0x0000000119954000, 0x0000000119d74000, 0x0000000120e8c000]
CodeHeap 'profiled nmethods': size=120028Kb used=13260Kb max_used=13260Kb free=106767Kb
 bounds [0x0000000111e8c000, 0x0000000112b8c000, 0x00000001193c3000]
CodeHeap 'non-nmethods': size=5700Kb used=1452Kb max_used=1500Kb free=4247Kb
 bounds [0x00000001193c3000, 0x0000000119633000, 0x0000000119954000]
 total_blobs=7901 nmethods=7184 adapters=628
 compilation: enabled
              stopped_count=0, restarted_count=0
 full_count=0

Compilation events (20 events):
Event: 45541.592 Thread 0x00007feb8303e400 8198       3       org.springframework.core.OrderComparator::getOrder (111 bytes)
Event: 45541.607 Thread 0x00007feb8303e400 nmethod 8198 0x0000000112b79710 code [0x0000000112b79940, 0x0000000112b7a0f0]
Event: 45541.728 Thread 0x00007feb8303b400 8199       4       jdk.internal.org.objectweb.asm.SymbolTable::addTypeInternal (85 bytes)
Event: 45541.737 Thread 0x00007feb8303e400 8200       3       java.lang.invoke.LambdaForm::<init> (13 bytes)
Event: 45541.737 Thread 0x00007feb8303e400 nmethod 8200 0x0000000112b7a390 code [0x0000000112b7a540, 0x0000000112b7a6a0]
Event: 45541.787 Thread 0x00007feb8303b400 nmethod 8199 0x0000000119d69090 code [0x0000000119d69260, 0x0000000119d6a1b8]
Event: 45541.812 Thread 0x00007feb8303e400 8201       3       java.lang.invoke.LambdaFormBuffer::<init> (89 bytes)
Event: 45541.815 Thread 0x00007feb8303e400 nmethod 8201 0x0000000112b7a790 code [0x0000000112b7a960, 0x0000000112b7ad70]
Event: 45541.815 Thread 0x00007feb8303e400 8202       3       java.lang.invoke.LambdaFormBuffer::startEdit (247 bytes)
Event: 45541.816 Thread 0x00007feb8303e400 nmethod 8202 0x0000000112b7af10 code [0x0000000112b7b120, 0x0000000112b7b830]
Event: 45541.826 Thread 0x00007feb8303e400 8203       3       java.lang.invoke.LambdaFormBuffer::nameArray (15 bytes)
Event: 45541.826 Thread 0x00007feb8303e400 nmethod 8203 0x0000000112b7ba10 code [0x0000000112b7bbc0, 0x0000000112b7be80]
Event: 45541.826 Thread 0x00007feb8303e400 8204       3       java.lang.invoke.LambdaFormBuffer::resultIndex (41 bytes)
Event: 45541.827 Thread 0x00007feb8303e400 nmethod 8204 0x0000000112b7bf90 code [0x0000000112b7c140, 0x0000000112b7c430]
Event: 45541.828 Thread 0x00007feb8303e400 8205       3       java.lang.invoke.LambdaFormEditor$TransformKey::withResult (17 bytes)
Event: 45541.828 Thread 0x00007feb8303e400 nmethod 8205 0x0000000112b7c590 code [0x0000000112b7c760, 0x0000000112b7cae0]
Event: 45541.828 Thread 0x00007feb8303e400 8206       3       java.lang.invoke.LambdaFormEditor$Transform::<init> (17 bytes)
Event: 45541.829 Thread 0x00007feb8303e400 nmethod 8206 0x0000000112b7cc90 code [0x0000000112b7ce60, 0x0000000112b7d250]
Event: 45542.439 Thread 0x00007feb8303e400 8209       3       org.springframework.beans.factory.support.AbstractBeanFactory::isSingleton (170 bytes)
Event: 45542.481 Thread 0x00007feb8303e400 nmethod 8209 0x0000000112b7d390 code [0x0000000112b7d7e0, 0x0000000112b7fad0]

GC Heap History (20 events):
Event: 35461.260 GC heap before
{Heap before GC invocations=51 (full 0):
 garbage-first heap   total 66560K, used 54717K [0x0000000780000000, 0x0000000800000000)
  region size 1024K, 24 young (24576K), 1 survivors (1024K)
 Metaspace       used 68472K, committed 69120K, reserved 1114112K
  class space    used 8977K, committed 9280K, reserved 1048576K
}
Event: 35461.272 GC heap after
{Heap after GC invocations=52 (full 0):
 garbage-first heap   total 66560K, used 30906K [0x0000000780000000, 0x0000000800000000)
  region size 1024K, 1 young (1024K), 1 survivors (1024K)
 Metaspace       used 68472K, committed 69120K, reserved 1114112K
  class space    used 8977K, committed 9280K, reserved 1048576K
}
Event: 36340.944 GC heap before
{Heap before GC invocations=52 (full 0):
 garbage-first heap   total 66560K, used 54458K [0x0000000780000000, 0x0000000800000000)
  region size 1024K, 25 young (25600K), 1 survivors (1024K)
 Metaspace       used 68595K, committed 69248K, reserved 1114112K
  class space    used 8977K, committed 9280K, reserved 1048576K
}
Event: 36340.962 GC heap after
{Heap after GC invocations=53 (full 0):
 garbage-first heap   total 66560K, used 31378K [0x0000000780000000, 0x0000000800000000)
  region size 1024K, 2 young (2048K), 2 survivors (2048K)
 Metaspace       used 68595K, committed 69248K, reserved 1114112K
  class space    used 8977K, committed 9280K, reserved 1048576K
}
Event: 37491.650 GC heap before
{Heap before GC invocations=53 (full 0):
 garbage-first heap   total 66560K, used 53906K [0x0000000780000000, 0x0000000800000000)
  region size 1024K, 24 young (24576K), 2 survivors (2048K)
 Metaspace       used 68595K, committed 69248K, reserved 1114112K
  class space    used 8977K, committed 9280K, reserved 1048576K
}
Event: 37491.666 GC heap after
{Heap after GC invocations=54 (full 0):
 garbage-first heap   total 66560K, used 30831K [0x0000000780000000, 0x0000000800000000)
  region size 1024K, 1 young (1024K), 1 survivors (1024K)
 Metaspace       used 68595K, committed 69248K, reserved 1114112K
  class space    used 8977K, committed 9280K, reserved 1048576K
}
Event: 38546.533 GC heap before
{Heap before GC invocations=54 (full 0):
 garbage-first heap   total 66560K, used 55407K [0x0000000780000000, 0x0000000800000000)
  region size 1024K, 25 young (25600K), 1 survivors (1024K)
 Metaspace       used 68605K, committed 69248K, reserved 1114112K
  class space    used 8977K, committed 9280K, reserved 1048576K
}
Event: 38546.540 GC heap after
{Heap after GC invocations=55 (full 0):
 garbage-first heap   total 66560K, used 31154K [0x0000000780000000, 0x0000000800000000)
  region size 1024K, 1 young (1024K), 1 survivors (1024K)
 Metaspace       used 68605K, committed 69248K, reserved 1114112K
  class space    used 8977K, committed 9280K, reserved 1048576K
}
Event: 39700.405 GC heap before
{Heap before GC invocations=55 (full 0):
 garbage-first heap   total 66560K, used 55730K [0x0000000780000000, 0x0000000800000000)
  region size 1024K, 25 young (25600K), 1 survivors (1024K)
 Metaspace       used 68607K, committed 69248K, reserved 1114112K
  class space    used 8977K, committed 9280K, reserved 1048576K
}
Event: 39700.425 GC heap after
{Heap after GC invocations=56 (full 0):
 garbage-first heap   total 66560K, used 31020K [0x0000000780000000, 0x0000000800000000)
  region size 1024K, 1 young (1024K), 1 survivors (1024K)
 Metaspace       used 68607K, committed 69248K, reserved 1114112K
  class space    used 8977K, committed 9280K, reserved 1048576K
}
Event: 40842.597 GC heap before
{Heap before GC invocations=56 (full 0):
 garbage-first heap   total 66560K, used 55596K [0x0000000780000000, 0x0000000800000000)
  region size 1024K, 25 young (25600K), 1 survivors (1024K)
 Metaspace       used 68610K, committed 69248K, reserved 1114112K
  class space    used 8977K, committed 9280K, reserved 1048576K
}
Event: 40842.600 GC heap after
{Heap after GC invocations=57 (full 0):
 garbage-first heap   total 66560K, used 31011K [0x0000000780000000, 0x0000000800000000)
  region size 1024K, 1 young (1024K), 1 survivors (1024K)
 Metaspace       used 68610K, committed 69248K, reserved 1114112K
  class space    used 8977K, committed 9280K, reserved 1048576K
}
Event: 41889.998 GC heap before
{Heap before GC invocations=57 (full 0):
 garbage-first heap   total 66560K, used 55587K [0x0000000780000000, 0x0000000800000000)
  region size 1024K, 25 young (25600K), 1 survivors (1024K)
 Metaspace       used 68613K, committed 69248K, reserved 1114112K
  class space    used 8977K, committed 9280K, reserved 1048576K
}
Event: 41890.005 GC heap after
{Heap after GC invocations=58 (full 0):
 garbage-first heap   total 66560K, used 31182K [0x0000000780000000, 0x0000000800000000)
  region size 1024K, 1 young (1024K), 1 survivors (1024K)
 Metaspace       used 68613K, committed 69248K, reserved 1114112K
  class space    used 8977K, committed 9280K, reserved 1048576K
}
Event: 43145.611 GC heap before
{Heap before GC invocations=58 (full 0):
 garbage-first heap   total 66560K, used 55758K [0x0000000780000000, 0x0000000800000000)
  region size 1024K, 25 young (25600K), 1 survivors (1024K)
 Metaspace       used 68613K, committed 69248K, reserved 1114112K
  class space    used 8977K, committed 9280K, reserved 1048576K
}
Event: 43145.624 GC heap after
{Heap after GC invocations=59 (full 0):
 garbage-first heap   total 66560K, used 30855K [0x0000000780000000, 0x0000000800000000)
  region size 1024K, 1 young (1024K), 1 survivors (1024K)
 Metaspace       used 68613K, committed 69248K, reserved 1114112K
  class space    used 8977K, committed 9280K, reserved 1048576K
}
Event: 44211.942 GC heap before
{Heap before GC invocations=59 (full 0):
 garbage-first heap   total 66560K, used 55431K [0x0000000780000000, 0x0000000800000000)
  region size 1024K, 25 young (25600K), 1 survivors (1024K)
 Metaspace       used 68622K, committed 69248K, reserved 1114112K
  class space    used 8977K, committed 9280K, reserved 1048576K
}
Event: 44211.989 GC heap after
{Heap after GC invocations=60 (full 0):
 garbage-first heap   total 66560K, used 31152K [0x0000000780000000, 0x0000000800000000)
  region size 1024K, 1 young (1024K), 1 survivors (1024K)
 Metaspace       used 68622K, committed 69248K, reserved 1114112K
  class space    used 8977K, committed 9280K, reserved 1048576K
}
Event: 45283.625 GC heap before
{Heap before GC invocations=60 (full 0):
 garbage-first heap   total 66560K, used 55728K [0x0000000780000000, 0x0000000800000000)
  region size 1024K, 25 young (25600K), 1 survivors (1024K)
 Metaspace       used 68642K, committed 69248K, reserved 1114112K
  class space    used 8977K, committed 9280K, reserved 1048576K
}
Event: 45283.702 GC heap after
{Heap after GC invocations=61 (full 0):
 garbage-first heap   total 66560K, used 31195K [0x0000000780000000, 0x0000000800000000)
  region size 1024K, 1 young (1024K), 1 survivors (1024K)
 Metaspace       used 68642K, committed 69248K, reserved 1114112K
  class space    used 8977K, committed 9280K, reserved 1048576K
}

Dll operation events (20 events):
Event: 8.043 Loading shared library /System/Library/Java/Extensions/libtcnative-1.jnilib failed, dlopen(/System/Library/Java/Extensions/libtcnative-1.jnilib, 1): image not found
Event: 8.043 Loading shared library /usr/lib/java/libtcnative-1.dylib failed, dlopen(/usr/lib/java/libtcnative-1.dylib, 1): image not found
Event: 8.044 Loading shared library /usr/lib/java/libtcnative-1.jnilib failed, dlopen(/usr/lib/java/libtcnative-1.jnilib, 1): image not found
Event: 8.045 Loading shared library /Users/deca/Downloads/AjoPay/libtcnative-1.dylib failed, dlopen(/Users/deca/Downloads/AjoPay/libtcnative-1.dylib, 1): image not found
Event: 8.046 Loading shared library /Users/deca/Downloads/AjoPay/libtcnative-1.jnilib failed, dlopen(/Users/deca/Downloads/AjoPay/libtcnative-1.jnilib, 1): image not found
Event: 8.047 Loading shared library /Users/deca/Library/Java/JavaVirtualMachines/openjdk-19.0.2/Contents/Home/lib/liblibtcnative-1.dylib failed, dlopen(/Users/deca/Library/Java/JavaVirtualMachines/openjdk-19.0.2/Contents/Home/lib/liblibtcnative-1.dylib, 1): image not 
Event: 8.047 Loading shared library /Users/deca/Library/Java/JavaVirtualMachines/openjdk-19.0.2/Contents/Home/lib/liblibtcnative-1.jnilib failed, dlopen(/Users/deca/Library/Java/JavaVirtualMachines/openjdk-19.0.2/Contents/Home/lib/liblibtcnative-1.jnilib, 1): image no
Event: 8.048 Loading shared library /Users/deca/Library/Java/Extensions/liblibtcnative-1.dylib failed, dlopen(/Users/deca/Library/Java/Extensions/liblibtcnative-1.dylib, 1): image not found
Event: 8.048 Loading shared library /Users/deca/Library/Java/Extensions/liblibtcnative-1.jnilib failed, dlopen(/Users/deca/Library/Java/Extensions/liblibtcnative-1.jnilib, 1): image not found
Event: 8.049 Loading shared library /Library/Java/Extensions/liblibtcnative-1.dylib failed, dlopen(/Library/Java/Extensions/liblibtcnative-1.dylib, 1): image not found
Event: 8.049 Loading shared library /Library/Java/Extensions/liblibtcnative-1.jnilib failed, dlopen(/Library/Java/Extensions/liblibtcnative-1.jnilib, 1): image not found
Event: 8.050 Loading shared library /Network/Library/Java/Extensions/liblibtcnative-1.dylib failed, dlopen(/Network/Library/Java/Extensions/liblibtcnative-1.dylib, 1): image not found
Event: 8.050 Loading shared library /Network/Library/Java/Extensions/liblibtcnative-1.jnilib failed, dlopen(/Network/Library/Java/Extensions/liblibtcnative-1.jnilib, 1): image not found
Event: 8.050 Loading shared library /System/Library/Java/Extensions/liblibtcnative-1.dylib failed, dlopen(/System/Library/Java/Extensions/liblibtcnative-1.dylib, 1): image not found
Event: 8.051 Loading shared library /System/Library/Java/Extensions/liblibtcnative-1.jnilib failed, dlopen(/System/Library/Java/Extensions/liblibtcnative-1.jnilib, 1): image not found
Event: 8.051 Loading shared library /usr/lib/java/liblibtcnative-1.dylib failed, dlopen(/usr/lib/java/liblibtcnative-1.dylib, 1): image not found
Event: 8.052 Loading shared library /usr/lib/java/liblibtcnative-1.jnilib failed, dlopen(/usr/lib/java/liblibtcnative-1.jnilib, 1): image not found
Event: 8.052 Loading shared library /Users/deca/Downloads/AjoPay/liblibtcnative-1.dylib failed, dlopen(/Users/deca/Downloads/AjoPay/liblibtcnative-1.dylib, 1): image not found
Event: 8.053 Loading shared library /Users/deca/Downloads/AjoPay/liblibtcnative-1.jnilib failed, dlopen(/Users/deca/Downloads/AjoPay/liblibtcnative-1.jnilib, 1): image not found
Event: 9.378 Loaded shared library /Users/deca/Library/Java/JavaVirtualMachines/openjdk-19.0.2/Contents/Home/lib/libverify.dylib

Deoptimization events (20 events):
Event: 45541.055 Thread 0x00007feb8357c600 Uncommon trap: trap_request=0xffffff54 fr.pc=0x0000000119b8b574 relative=0x0000000000000534
Event: 45541.057 Thread 0x00007feb8357c600 Uncommon trap: reason=speculate_null_assert action=make_not_entrant pc=0x0000000119b8b574 method=org.springframework.util.ConcurrentReferenceHashMap$Segment.restructureIfNecessary(Z)V @ 41 c2
Event: 45541.058 Thread 0x00007feb8357c600 DEOPT PACKING pc=0x0000000119b8b574 sp=0x0000700006a112f0
Event: 45541.058 Thread 0x00007feb8357c600 DEOPT UNPACKING pc=0x0000000119429299 sp=0x0000700006a11138 mode 2
Event: 45541.337 Thread 0x00007feb8357c600 Uncommon trap: trap_request=0xffffff54 fr.pc=0x0000000119b8cb48 relative=0x0000000000000488
Event: 45541.337 Thread 0x00007feb8357c600 Uncommon trap: reason=speculate_null_assert action=make_not_entrant pc=0x0000000119b8cb48 method=org.springframework.util.ConcurrentReferenceHashMap$Segment.restructureIfNecessary(Z)V @ 41 c2
Event: 45541.337 Thread 0x00007feb8357c600 DEOPT PACKING pc=0x0000000119b8cb48 sp=0x0000700006a11270
Event: 45541.337 Thread 0x00007feb8357c600 DEOPT UNPACKING pc=0x0000000119429299 sp=0x0000700006a11138 mode 2
Event: 45541.349 Thread 0x00007feb8357c600 Uncommon trap: trap_request=0xffffff54 fr.pc=0x0000000119b8dc30 relative=0x0000000000000390
Event: 45541.349 Thread 0x00007feb8357c600 Uncommon trap: reason=speculate_null_assert action=make_not_entrant pc=0x0000000119b8dc30 method=org.springframework.util.ConcurrentReferenceHashMap$Segment.restructureIfNecessary(Z)V @ 41 c2
Event: 45541.349 Thread 0x00007feb8357c600 DEOPT PACKING pc=0x0000000119b8dc30 sp=0x0000700006a111f0
Event: 45541.352 Thread 0x00007feb8357c600 DEOPT UNPACKING pc=0x0000000119429299 sp=0x0000700006a11138 mode 2
Event: 45541.839 Thread 0x00007feb8357c600 Uncommon trap: trap_request=0xffffffe4 fr.pc=0x0000000119b7c4f4 relative=0x0000000000000694
Event: 45541.839 Thread 0x00007feb8357c600 Uncommon trap: reason=range_check action=make_not_entrant pc=0x0000000119b7c4f4 method=java.lang.String.checkIndex(II)V @ 5 c2
Event: 45541.839 Thread 0x00007feb8357c600 DEOPT PACKING pc=0x0000000119b7c4f4 sp=0x0000700006a0faf0
Event: 45541.839 Thread 0x00007feb8357c600 DEOPT UNPACKING pc=0x0000000119429299 sp=0x0000700006a0f960 mode 2
Event: 45542.204 Thread 0x00007feb82ae5200 Uncommon trap: trap_request=0xfffffff4 fr.pc=0x0000000119a9d2b4 relative=0x0000000000000374
Event: 45542.204 Thread 0x00007feb82ae5200 Uncommon trap: reason=null_check action=make_not_entrant pc=0x0000000119a9d2b4 method=java.lang.Class.reflectionData()Ljava/lang/Class$ReflectionData; @ 18 c2
Event: 45542.204 Thread 0x00007feb82ae5200 DEOPT PACKING pc=0x0000000119a9d2b4 sp=0x0000700005be7140
Event: 45542.204 Thread 0x00007feb82ae5200 DEOPT UNPACKING pc=0x0000000119429299 sp=0x0000700005be7088 mode 2

Classes loaded (20 events):
Event: 15.975 Loading class com/sun/beans/util/Cache$Kind$1
Event: 15.975 Loading class com/sun/beans/util/Cache$Kind$1 done
Event: 15.975 Loading class com/sun/beans/util/Cache$Kind$2
Event: 15.976 Loading class com/sun/beans/util/Cache$Kind$2 done
Event: 15.976 Loading class com/sun/beans/util/Cache$Kind$3
Event: 15.976 Loading class com/sun/beans/util/Cache$Kind$3 done
Event: 15.976 Loading class com/sun/beans/util/Cache$CacheEntry
Event: 15.976 Loading class com/sun/beans/util/Cache$CacheEntry done
Event: 1767.081 Loading class sun/security/ssl/Alert
Event: 1767.118 Loading class sun/security/ssl/Alert done
Event: 1767.129 Loading class sun/security/ssl/Alert$AlertConsumer
Event: 1767.132 Loading class sun/security/ssl/Alert$AlertConsumer done
Event: 1767.132 Loading class sun/security/ssl/Alert$Level
Event: 1767.133 Loading class sun/security/ssl/Alert$Level done
Event: 1767.136 Loading class sun/net/ConnectionResetException
Event: 1767.137 Loading class sun/net/ConnectionResetException done
Event: 28445.373 Loading class java/util/concurrent/atomic/Striped64$Cell
Event: 28445.482 Loading class java/util/concurrent/atomic/Striped64$Cell done
Event: 45542.671 Loading class java/util/Collections$ReverseComparator
Event: 45542.682 Loading class java/util/Collections$ReverseComparator done

Classes unloaded (0 events):
No events

Classes redefined (0 events):
No events

Internal exceptions (20 events):
Event: 43297.536 Thread 0x00007feb84174c00 Exception <a 'sun/net/ConnectionResetException'{0x000000078534a3b0}: Connection reset> (0x000000078534a3b0) 
thrown [open/src/hotspot/share/prims/jni.cpp, line 536]
Event: 43307.809 Thread 0x00007feb84174c00 Exception <a 'sun/net/ConnectionResetException'{0x00000007837029a8}: Connection reset> (0x00000007837029a8) 
thrown [open/src/hotspot/share/prims/jni.cpp, line 536]
Event: 44142.424 Thread 0x00007feb826e4000 Exception <a 'java/io/IOException'{0x00000007828e1fe8}> (0x00000007828e1fe8) 
thrown [open/src/hotspot/share/prims/jni.cpp, line 517]
Event: 44172.459 Thread 0x00007feb826e4000 Exception <a 'java/io/IOException'{0x0000000782771e10}> (0x0000000782771e10) 
thrown [open/src/hotspot/share/prims/jni.cpp, line 517]
Event: 44262.473 Thread 0x00007feb826e4000 Exception <a 'java/io/IOException'{0x0000000785800a80}> (0x0000000785800a80) 
thrown [open/src/hotspot/share/prims/jni.cpp, line 517]
Event: 44322.485 Thread 0x00007feb826e4000 Exception <a 'java/io/IOException'{0x000000078576c1f0}> (0x000000078576c1f0) 
thrown [open/src/hotspot/share/prims/jni.cpp, line 517]
Event: 44472.520 Thread 0x00007feb826e4000 Exception <a 'java/io/IOException'{0x0000000785400a98}> (0x0000000785400a98) 
thrown [open/src/hotspot/share/prims/jni.cpp, line 517]
Event: 44502.524 Thread 0x00007feb826e4000 Exception <a 'java/io/IOException'{0x00000007854d8b28}> (0x00000007854d8b28) 
thrown [open/src/hotspot/share/prims/jni.cpp, line 517]
Event: 44502.584 Thread 0x00007feb87060200 Exception <a 'sun/net/ConnectionResetException'{0x00000007854dccd0}: Connection reset> (0x00000007854dccd0) 
thrown [open/src/hotspot/share/prims/jni.cpp, line 536]
Event: 44502.587 Thread 0x00007feb87060200 Exception <a 'sun/net/ConnectionResetException'{0x00000007854df020}: Connection reset> (0x00000007854df020) 
thrown [open/src/hotspot/share/prims/jni.cpp, line 536]
Event: 44502.588 Thread 0x00007feb87060200 Exception <a 'sun/net/ConnectionResetException'{0x00000007854e1218}: Connection reset> (0x00000007854e1218) 
thrown [open/src/hotspot/share/prims/jni.cpp, line 536]
Event: 44502.589 Thread 0x00007feb87060200 Exception <a 'sun/net/ConnectionResetException'{0x00000007854e3410}: Connection reset> (0x00000007854e3410) 
thrown [open/src/hotspot/share/prims/jni.cpp, line 536]
Event: 44502.590 Thread 0x00007feb87060200 Exception <a 'sun/net/ConnectionResetException'{0x00000007854e5608}: Connection reset> (0x00000007854e5608) 
thrown [open/src/hotspot/share/prims/jni.cpp, line 536]
Event: 44502.591 Thread 0x00007feb87060200 Exception <a 'sun/net/ConnectionResetException'{0x00000007854e7800}: Connection reset> (0x00000007854e7800) 
thrown [open/src/hotspot/share/prims/jni.cpp, line 536]
Event: 44502.591 Thread 0x00007feb87060200 Exception <a 'sun/net/ConnectionResetException'{0x00000007854e99f8}: Connection reset> (0x00000007854e99f8) 
thrown [open/src/hotspot/share/prims/jni.cpp, line 536]
Event: 44502.592 Thread 0x00007feb87060200 Exception <a 'sun/net/ConnectionResetException'{0x00000007854ebbf0}: Connection reset> (0x00000007854ebbf0) 
thrown [open/src/hotspot/share/prims/jni.cpp, line 536]
Event: 44502.593 Thread 0x00007feb87060200 Exception <a 'sun/net/ConnectionResetException'{0x00000007854ff920}: Connection reset> (0x00000007854ff920) 
thrown [open/src/hotspot/share/prims/jni.cpp, line 536]
Event: 44502.593 Thread 0x00007feb87060200 Exception <a 'sun/net/ConnectionResetException'{0x0000000785302018}: Connection reset> (0x0000000785302018) 
thrown [open/src/hotspot/share/prims/jni.cpp, line 536]
Event: 45542.024 Thread 0x00007feb8357c600 Exception <a 'java/io/IOException'{0x00000007854206b8}> (0x00000007854206b8) 
thrown [open/src/hotspot/share/prims/jni.cpp, line 517]
Event: 45542.204 Thread 0x00007feb82ae5200 Implicit null exception at 0x0000000119a9cf95 to 0x0000000119a9d290

VM Operations (20 events):
Event: 41462.393 Executing VM operation: Cleanup
Event: 41462.394 Executing VM operation: Cleanup done
Event: 41889.998 Executing VM operation: G1CollectForAllocation
Event: 41890.005 Executing VM operation: G1CollectForAllocation done
Event: 43145.610 Executing VM operation: G1CollectForAllocation
Event: 43145.624 Executing VM operation: G1CollectForAllocation done
Event: 43245.986 Executing VM operation: Cleanup
Event: 43245.986 Executing VM operation: Cleanup done
Event: 43271.078 Executing VM operation: Cleanup
Event: 43271.088 Executing VM operation: Cleanup done
Event: 44211.939 Executing VM operation: G1CollectForAllocation
Event: 44211.989 Executing VM operation: G1CollectForAllocation done
Event: 44503.395 Executing VM operation: Cleanup
Event: 44503.405 Executing VM operation: Cleanup done
Event: 45283.622 Executing VM operation: G1CollectForAllocation
Event: 45283.702 Executing VM operation: G1CollectForAllocation done
Event: 45541.285 Executing VM operation: Cleanup
Event: 45541.340 Executing VM operation: Cleanup done
Event: 45542.343 Executing VM operation: Cleanup
Event: 45542.357 Executing VM operation: Cleanup done

Events (20 events):
Event: 43307.797 Thread 0x00007feb84174c00 Thread added: 0x00007feb84174c00
Event: 43307.802 Protecting memory [0x0000700005ae8000,0x0000700005aec000] with protection modes 0
Event: 43307.805 Thread 0x00007feb84175200 Thread added: 0x00007feb84175200
Event: 43307.811 Protecting memory [0x0000700005ff7000,0x0000700005ffb000] with protection modes 0
Event: 43312.810 Protecting memory [0x0000700005ae8000,0x0000700005aec000] with protection modes 3
Event: 43312.810 Thread 0x00007feb84174c00 Thread exited: 0x00007feb84174c00
Event: 43312.865 Protecting memory [0x0000700005ff7000,0x0000700005ffb000] with protection modes 3
Event: 43312.865 Thread 0x00007feb84175200 Thread exited: 0x00007feb84175200
Event: 44502.573 Thread 0x00007feb87060200 Thread added: 0x00007feb87060200
Event: 44502.573 Protecting memory [0x0000700005ae8000,0x0000700005aec000] with protection modes 0
Event: 44502.586 Thread 0x00007feb87289200 Thread added: 0x00007feb87289200
Event: 44502.586 Protecting memory [0x0000700005ff7000,0x0000700005ffb000] with protection modes 0
Event: 44507.599 Protecting memory [0x0000700005ae8000,0x0000700005aec000] with protection modes 3
Event: 44507.599 Thread 0x00007feb87060200 Thread exited: 0x00007feb87060200
Event: 44507.968 Protecting memory [0x0000700005ff7000,0x0000700005ffb000] with protection modes 3
Event: 44507.968 Thread 0x00007feb87289200 Thread exited: 0x00007feb87289200
Event: 45542.187 Thread 0x00007feb82ae5200 Thread added: 0x00007feb82ae5200
Event: 45542.189 Protecting memory [0x0000700005ae8000,0x0000700005aec000] with protection modes 0
Event: 45542.205 Protecting memory [0x0000700006912000,0x0000700006916000] with protection modes 3
Event: 45542.212 Thread 0x00007feb8357c600 Thread exited: 0x00007feb8357c600


Dynamic libraries:
0x00007fff2a666000 	/usr/lib/libz.1.dylib
0x00000001052d0000 	/Users/deca/Library/Java/JavaVirtualMachines/openjdk-19.0.2/Contents/Home/lib/libjli.dylib
0x00007fff351b8000 	/System/Library/Frameworks/Cocoa.framework/Versions/A/Cocoa
0x00007fff223dd000 	/System/Library/Frameworks/Security.framework/Versions/A/Security
0x00007fff333b5000 	/System/Library/Frameworks/ApplicationServices.framework/Versions/A/ApplicationServices
0x00007fff2a72e000 	/usr/lib/libSystem.B.dylib
0x00007fff2a728000 	/usr/lib/system/libcache.dylib
0x00007fff2a6e4000 	/usr/lib/system/libcommonCrypto.dylib
0x00007fff2a70e000 	/usr/lib/system/libcompiler_rt.dylib
0x00007fff2a703000 	/usr/lib/system/libcopyfile.dylib
0x00007fff202b1000 	/usr/lib/system/libcorecrypto.dylib
0x00007fff2037e000 	/usr/lib/system/libdispatch.dylib
0x00007fff20532000 	/usr/lib/system/libdyld.dylib
0x00007fff2a71f000 	/usr/lib/system/libkeymgr.dylib
0x00007fff2db67000 	/usr/lib/system/liblaunch.dylib
0x00007fff2a6c2000 	/usr/lib/system/libmacho.dylib
0x00007fff29edc000 	/usr/lib/system/libquarantine.dylib
0x00007fff2a71c000 	/usr/lib/system/libremovefile.dylib
0x00007fff24d74000 	/usr/lib/system/libsystem_asl.dylib
0x00007fff20261000 	/usr/lib/system/libsystem_blocks.dylib
0x00007fff203ff000 	/usr/lib/system/libsystem_c.dylib
0x00007fff2a716000 	/usr/lib/system/libsystem_collections.dylib
0x00007fff291d0000 	/usr/lib/system/libsystem_configuration.dylib
0x00007fff284c3000 	/usr/lib/system/libsystem_containermanager.dylib
0x00007fff2a45e000 	/usr/lib/system/libsystem_coreservices.dylib
0x00007fff22991000 	/usr/lib/system/libsystem_darwin.dylib
0x00007fff2a720000 	/usr/lib/system/libsystem_dnssd.dylib
0x00007fff203fc000 	/usr/lib/system/libsystem_featureflags.dylib
0x00007fff20577000 	/usr/lib/system/libsystem_info.dylib
0x00007fff2a679000 	/usr/lib/system/libsystem_m.dylib
0x00007fff20351000 	/usr/lib/system/libsystem_malloc.dylib
0x00007fff24d08000 	/usr/lib/system/libsystem_networkextension.dylib
0x00007fff22dac000 	/usr/lib/system/libsystem_notify.dylib
0x00007fff3001b000 	/usr/lib/system/libsystem_product_info_filter.dylib
0x00007fff291d4000 	/usr/lib/system/libsystem_sandbox.dylib
0x00007fff2a719000 	/usr/lib/system/libsystem_secinit.dylib
0x00007fff204f7000 	/usr/lib/system/libsystem_kernel.dylib
0x00007fff2056d000 	/usr/lib/system/libsystem_platform.dylib
0x00007fff20526000 	/usr/lib/system/libsystem_pthread.dylib
0x00007fff26473000 	/usr/lib/system/libsystem_symptoms.dylib
0x00007fff20299000 	/usr/lib/system/libsystem_trace.dylib
0x00007fff2a6f0000 	/usr/lib/system/libunwind.dylib
0x00007fff20263000 	/usr/lib/system/libxpc.dylib
0x00007fff204de000 	/usr/lib/libc++abi.dylib
0x00007fff203c3000 	/usr/lib/libobjc.A.dylib
0x00007fff2a6fb000 	/usr/lib/liboah.dylib
0x00007fff20488000 	/usr/lib/libc++.1.dylib
0x00007fff205a3000 	/System/Library/Frameworks/CoreFoundation.framework/Versions/A/CoreFoundation
0x00007fff21350000 	/System/Library/Frameworks/Foundation.framework/Versions/C/Foundation
0x00007fff22e04000 	/System/Library/Frameworks/AppKit.framework/Versions/C/AppKit
0x00007fff25c9c000 	/System/Library/Frameworks/CoreData.framework/Versions/A/CoreData
0x00007fff23b67000 	/System/Library/PrivateFrameworks/UIFoundation.framework/Versions/A/UIFoundation
0x00007fff2fd94000 	/System/Library/PrivateFrameworks/RemoteViewServices.framework/Versions/A/RemoteViewServices
0x00007fff28b8d000 	/System/Library/PrivateFrameworks/XCTTargetBootstrap.framework/Versions/A/XCTTargetBootstrap
0x00007fff2b86e000 	/usr/lib/libspindump.dylib
0x00007fff23dbc000 	/System/Library/Frameworks/UniformTypeIdentifiers.framework/Versions/A/UniformTypeIdentifiers
0x00007fff27363000 	/usr/lib/libapp_launch_measurement.dylib
0x00007fff27366000 	/System/Library/PrivateFrameworks/CoreAutoLayout.framework/Versions/A/CoreAutoLayout
0x00007fff284ef000 	/System/Library/Frameworks/Metal.framework/Versions/A/Metal
0x00007fff291df000 	/usr/lib/liblangid.dylib
0x00007fff28b91000 	/System/Library/PrivateFrameworks/CoreSVG.framework/Versions/A/CoreSVG
0x00007fff24da3000 	/System/Library/PrivateFrameworks/SkyLight.framework/Versions/A/SkyLight
0x00007fff2510a000 	/System/Library/Frameworks/CoreGraphics.framework/Versions/A/CoreGraphics
0x00007fff303eb000 	/System/Library/Frameworks/Accelerate.framework/Versions/A/Accelerate
0x00007fff2b2a9000 	/System/Library/PrivateFrameworks/IconServices.framework/Versions/A/IconServices
0x00007fff284d4000 	/System/Library/Frameworks/IOSurface.framework/Versions/A/IOSurface
0x00007fff26625000 	/usr/lib/libDiagnosticMessagesClient.dylib
0x00007fff28b79000 	/System/Library/PrivateFrameworks/DFRFoundation.framework/Versions/A/DFRFoundation
0x00007fff2272f000 	/usr/lib/libicucore.A.dylib
0x00007fff2cdb5000 	/System/Library/Frameworks/AudioToolbox.framework/Versions/A/AudioToolbox
0x00007fff2c05a000 	/System/Library/PrivateFrameworks/DataDetectorsCore.framework/Versions/A/DataDetectorsCore
0x00007fff28879000 	/System/Library/Frameworks/Carbon.framework/Versions/A/Frameworks/HIToolbox.framework/Versions/A/HIToolbox
0x00007fff26dbe000 	/System/Library/Frameworks/QuartzCore.framework/Versions/A/QuartzCore
0x00007fff2fdd0000 	/System/Library/Frameworks/Carbon.framework/Versions/A/Frameworks/SpeechRecognition.framework/Versions/A/SpeechRecognition
0x00007fff270cb000 	/System/Library/PrivateFrameworks/CoreUI.framework/Versions/A/CoreUI
0x00007fff21d38000 	/System/Library/Frameworks/CoreAudio.framework/Versions/A/CoreAudio
0x00007fff26710000 	/System/Library/Frameworks/DiskArbitration.framework/Versions/A/DiskArbitration
0x00007fff2bc69000 	/System/Library/PrivateFrameworks/MultitouchSupport.framework/Versions/A/MultitouchSupport
0x00007fff2c051000 	/System/Library/PrivateFrameworks/InternationalSupport.framework/Versions/A/InternationalSupport
0x00007fff24d17000 	/usr/lib/libenergytrace.dylib
0x00007fff22cfd000 	/System/Library/Frameworks/IOKit.framework/Versions/A/IOKit
0x00007fff3011d000 	/System/Library/Frameworks/CoreServices.framework/Versions/A/CoreServices
0x00007fff272f9000 	/System/Library/PrivateFrameworks/PerformanceAnalysis.framework/Versions/A/PerformanceAnalysis
0x00007fff6ca87000 	/System/Library/Frameworks/OpenGL.framework/Versions/A/OpenGL
0x00007fff2c0d6000 	/System/Library/PrivateFrameworks/UserActivity.framework/Versions/A/UserActivity
0x00007fff2579e000 	/System/Library/Frameworks/ColorSync.framework/Versions/A/ColorSync
0x00007fff28df6000 	/System/Library/Frameworks/CoreImage.framework/Versions/A/CoreImage
0x00007fff21b4f000 	/System/Library/Frameworks/CoreText.framework/Versions/A/CoreText
0x00007fff28bbb000 	/System/Library/Frameworks/ImageIO.framework/Versions/A/ImageIO
0x00007fff2a734000 	/System/Library/PrivateFrameworks/SoftLinking.framework/Versions/A/SoftLinking
0x00007fff273af000 	/usr/lib/libxml2.2.dylib
0x00007fff2a9a6000 	/usr/lib/libcompression.dylib
0x00007fff24d18000 	/usr/lib/libMobileGestalt.dylib
0x00007fff2bf84000 	/System/Library/PrivateFrameworks/TextureIO.framework/Versions/A/TextureIO
0x00007fff2afcc000 	/usr/lib/libate.dylib
0x00007fff2adb1000 	/usr/lib/liblzma.5.dylib
0x00007fff21064000 	/System/Library/Frameworks/SystemConfiguration.framework/Versions/A/SystemConfiguration
0x00007fff2a730000 	/usr/lib/libfakelink.dylib
0x00007fff2486a000 	/System/Library/Frameworks/CFNetwork.framework/Versions/A/CFNetwork
0x00007fff2a870000 	/usr/lib/libarchive.2.dylib
0x00007fff210e2000 	/usr/lib/libCRFSuite.dylib
0x00007fff29f03000 	/usr/lib/libbsm.0.dylib
0x00007fff24226000 	/usr/lib/libnetwork.dylib
0x00007fff2a735000 	/usr/lib/libpcap.A.dylib
0x00007fff2646c000 	/usr/lib/libdns_services.dylib
0x00007fff2adca000 	/usr/lib/libcoretls_cfhelpers.dylib
0x00007fff2a974000 	/usr/lib/libapple_nghttp2.dylib
0x00007fff2a6c8000 	/usr/lib/system/libkxld.dylib
0x00007fff260d2000 	/usr/lib/libsqlite3.dylib
0x00007fff2a440000 	/System/Library/PrivateFrameworks/AppleFSCompression.framework/Versions/A/AppleFSCompression
0x00007fff29eeb000 	/usr/lib/libcoretls.dylib
0x00007fff2a9a1000 	/usr/lib/libpam.2.dylib
0x00007fff2aec7000 	/usr/lib/libxar.1.dylib
0x00007fff291db000 	/System/Library/PrivateFrameworks/AppleSystemInfo.framework/Versions/A/AppleSystemInfo
0x00007fff29b2e000 	/System/Library/PrivateFrameworks/IOMobileFramebuffer.framework/Versions/A/IOMobileFramebuffer
0x00007fff2a450000 	/usr/lib/libbz2.1.0.dylib
0x00007fff2a76d000 	/usr/lib/libiconv.2.dylib
0x00007fff2a6c1000 	/usr/lib/libcharset.1.dylib
0x00007fff27335000 	/System/Library/Frameworks/CoreServices.framework/Versions/A/Frameworks/FSEvents.framework/Versions/A/FSEvents
0x00007fff2299b000 	/System/Library/Frameworks/CoreServices.framework/Versions/A/Frameworks/CarbonCore.framework/Versions/A/CarbonCore
0x00007fff26675000 	/System/Library/Frameworks/CoreServices.framework/Versions/A/Frameworks/Metadata.framework/Versions/A/Metadata
0x00007fff2a463000 	/System/Library/Frameworks/CoreServices.framework/Versions/A/Frameworks/OSServices.framework/Versions/A/OSServices
0x00007fff2a8e2000 	/System/Library/Frameworks/CoreServices.framework/Versions/A/Frameworks/SearchKit.framework/Versions/A/SearchKit
0x00007fff263f6000 	/System/Library/Frameworks/CoreServices.framework/Versions/A/Frameworks/AE.framework/Versions/A/AE
0x00007fff20a3f000 	/System/Library/Frameworks/CoreServices.framework/Versions/A/Frameworks/LaunchServices.framework/Versions/A/LaunchServices
0x00007fff2ad62000 	/System/Library/Frameworks/CoreServices.framework/Versions/A/Frameworks/DictionaryServices.framework/Versions/A/DictionaryServices
0x00007fff2733e000 	/System/Library/Frameworks/CoreServices.framework/Versions/A/Frameworks/SharedFileList.framework/Versions/A/SharedFileList
0x00007fff29edf000 	/usr/lib/libCheckFix.dylib
0x00007fff24d8b000 	/System/Library/PrivateFrameworks/TCC.framework/Versions/A/TCC
0x00007fff291e1000 	/System/Library/PrivateFrameworks/CoreNLP.framework/Versions/A/CoreNLP
0x00007fff26628000 	/System/Library/PrivateFrameworks/MetadataUtilities.framework/Versions/A/MetadataUtilities
0x00007fff21118000 	/usr/lib/libmecabra.dylib
0x00007fff2a1f2000 	/System/Library/Frameworks/MLCompute.framework/Versions/A/MLCompute
0x00007fff29f14000 	/usr/lib/libmecab.dylib
0x00007fff29f5e000 	/usr/lib/libgermantok.dylib
0x00007fff2a94a000 	/usr/lib/libThaiTokenizer.dylib
0x00007fff2af02000 	/usr/lib/libChineseTokenizer.dylib
0x00007fff2a99f000 	/System/Library/Frameworks/MetalPerformanceShaders.framework/Versions/A/MetalPerformanceShaders
0x00007fff26717000 	/System/Library/Frameworks/Accelerate.framework/Versions/A/Frameworks/vImage.framework/Versions/A/vImage
0x00007fff300f6000 	/System/Library/Frameworks/Accelerate.framework/Versions/A/Frameworks/vecLib.framework/Versions/A/vecLib
0x00007fff2af0d000 	/System/Library/Frameworks/Accelerate.framework/Versions/A/Frameworks/vecLib.framework/Versions/A/libvMisc.dylib
0x00007fff29947000 	/System/Library/Frameworks/Accelerate.framework/Versions/A/Frameworks/vecLib.framework/Versions/A/libvDSP.dylib
0x00007fff20d43000 	/System/Library/Frameworks/Accelerate.framework/Versions/A/Frameworks/vecLib.framework/Versions/A/libBLAS.dylib
0x00007fff2a9c5000 	/System/Library/Frameworks/Accelerate.framework/Versions/A/Frameworks/vecLib.framework/Versions/A/libLAPACK.dylib
0x00007fff29f64000 	/System/Library/Frameworks/Accelerate.framework/Versions/A/Frameworks/vecLib.framework/Versions/A/libLinearAlgebra.dylib
0x00007fff2a98c000 	/System/Library/Frameworks/Accelerate.framework/Versions/A/Frameworks/vecLib.framework/Versions/A/libSparseBLAS.dylib
0x00007fff2a9bf000 	/System/Library/Frameworks/Accelerate.framework/Versions/A/Frameworks/vecLib.framework/Versions/A/libQuadrature.dylib
0x00007fff29289000 	/System/Library/Frameworks/Accelerate.framework/Versions/A/Frameworks/vecLib.framework/Versions/A/libBNNS.dylib
0x00007fff20ff5000 	/System/Library/Frameworks/Accelerate.framework/Versions/A/Frameworks/vecLib.framework/Versions/A/libSparse.dylib
0x00007fff29174000 	/System/Library/Frameworks/MetalPerformanceShaders.framework/Versions/A/Frameworks/MPSCore.framework/Versions/A/MPSCore
0x00007fff2a3af000 	/System/Library/Frameworks/MetalPerformanceShaders.framework/Versions/A/Frameworks/MPSImage.framework/Versions/A/MPSImage
0x00007fff29f7a000 	/System/Library/Frameworks/MetalPerformanceShaders.framework/Versions/A/Frameworks/MPSNeuralNetwork.framework/Versions/A/MPSNeuralNetwork
0x00007fff2a33a000 	/System/Library/Frameworks/MetalPerformanceShaders.framework/Versions/A/Frameworks/MPSMatrix.framework/Versions/A/MPSMatrix
0x00007fff2a1a2000 	/System/Library/Frameworks/MetalPerformanceShaders.framework/Versions/A/Frameworks/MPSRayIntersector.framework/Versions/A/MPSRayIntersector
0x00007fff2a371000 	/System/Library/Frameworks/MetalPerformanceShaders.framework/Versions/A/Frameworks/MPSNDArray.framework/Versions/A/MPSNDArray
0x00007fff20c6f000 	/System/Library/PrivateFrameworks/MetalTools.framework/Versions/A/MetalTools
0x00007fff291d9000 	/System/Library/PrivateFrameworks/AggregateDictionary.framework/Versions/A/AggregateDictionary
0x00007fff26600000 	/System/Library/PrivateFrameworks/CoreAnalytics.framework/Versions/A/CoreAnalytics
0x00007fff2a94c000 	/System/Library/PrivateFrameworks/AppleSauce.framework/Versions/A/AppleSauce
0x00007fff284e6000 	/System/Library/PrivateFrameworks/IOAccelerator.framework/Versions/A/IOAccelerator
0x00007fff6ca7b000 	/System/Library/Frameworks/OpenGL.framework/Versions/A/Libraries/libCoreFSCache.dylib
0x00007fff216b4000 	/System/Library/PrivateFrameworks/LanguageModeling.framework/Versions/A/LanguageModeling
0x00007fff29b1b000 	/System/Library/PrivateFrameworks/CoreEmoji.framework/Versions/A/CoreEmoji
0x00007fff29282000 	/System/Library/PrivateFrameworks/LinguisticData.framework/Versions/A/LinguisticData
0x00007fff20fa7000 	/System/Library/PrivateFrameworks/Lexicon.framework/Versions/A/Lexicon
0x00007fff2a85e000 	/usr/lib/libcmph.dylib
0x00007fff27315000 	/System/Library/Frameworks/OpenDirectory.framework/Versions/A/Frameworks/CFOpenDirectory.framework/Versions/A/CFOpenDirectory
0x00007fff27305000 	/System/Library/Frameworks/OpenDirectory.framework/Versions/A/OpenDirectory
0x00007fff2adcc000 	/System/Library/PrivateFrameworks/APFS.framework/Versions/A/APFS
0x00007fff29e40000 	/System/Library/Frameworks/SecurityFoundation.framework/Versions/A/SecurityFoundation
0x00007fff2aed5000 	/usr/lib/libutil.dylib
0x00007fff22cc2000 	/System/Library/PrivateFrameworks/CoreServicesStore.framework/Versions/A/CoreServicesStore
0x00007fff29ed7000 	/System/Library/Frameworks/ServiceManagement.framework/Versions/A/ServiceManagement
0x00007fff2aed9000 	/usr/lib/libxslt.1.dylib
0x00007fff29ecd000 	/System/Library/PrivateFrameworks/BackgroundTaskManagement.framework/Versions/A/BackgroundTaskManagement
0x00007fff2bece000 	/System/Library/Frameworks/ImageIO.framework/Versions/A/Resources/libRadiance.dylib
0x00007fff2bed8000 	/System/Library/Frameworks/ImageIO.framework/Versions/A/Resources/libJPEG.dylib
0x00007fff2be23000 	/System/Library/Frameworks/ImageIO.framework/Versions/A/Resources/libPng.dylib
0x00007fff2be4a000 	/System/Library/Frameworks/ImageIO.framework/Versions/A/Resources/libTIFF.dylib
0x00007fff2bf2d000 	/System/Library/Frameworks/ImageIO.framework/Versions/A/Resources/libGIF.dylib
0x00007fff2bb86000 	/System/Library/Frameworks/ImageIO.framework/Versions/A/Resources/libJP2.dylib
0x00007fff2b270000 	/usr/lib/libexpat.1.dylib
0x00007fff2bb3b000 	/System/Library/PrivateFrameworks/AppleJPEG.framework/Versions/A/AppleJPEG
0x00007fff2871c000 	/System/Library/PrivateFrameworks/FontServices.framework/libFontParser.dylib
0x00007fff263aa000 	/System/Library/PrivateFrameworks/RunningBoardServices.framework/Versions/A/RunningBoardServices
0x00007fff2bc65000 	/System/Library/PrivateFrameworks/WatchdogClient.framework/Versions/A/WatchdogClient
0x00007fff217a1000 	/System/Library/Frameworks/CoreDisplay.framework/Versions/A/CoreDisplay
0x00007fff28632000 	/System/Library/Frameworks/CoreMedia.framework/Versions/A/CoreMedia
0x00007fff27492000 	/System/Library/Frameworks/CoreVideo.framework/Versions/A/CoreVideo
0x00007fff2bc9d000 	/System/Library/Frameworks/VideoToolbox.framework/Versions/A/VideoToolbox
0x00007fff26328000 	/System/Library/PrivateFrameworks/BaseBoard.framework/Versions/A/BaseBoard
0x00007fff2b3b5000 	/System/Library/PrivateFrameworks/PersistentConnection.framework/Versions/A/PersistentConnection
0x00007fff260bb000 	/System/Library/PrivateFrameworks/ProtocolBuffer.framework/Versions/A/ProtocolBuffer
0x00007fff2630f000 	/System/Library/PrivateFrameworks/CommonUtilities.framework/Versions/A/CommonUtilities
0x00007fff2bad0000 	/System/Library/PrivateFrameworks/Bom.framework/Versions/A/Bom
0x00007fff2bec7000 	/System/Library/PrivateFrameworks/GPUWrangler.framework/Versions/A/GPUWrangler
0x00007fff2beaa000 	/System/Library/PrivateFrameworks/IOPresentment.framework/Versions/A/IOPresentment
0x00007fff2bed2000 	/System/Library/PrivateFrameworks/DSExternalDisplay.framework/Versions/A/DSExternalDisplay
0x00007fff2bf32000 	/System/Library/PrivateFrameworks/CMCaptureCore.framework/Versions/A/CMCaptureCore
0x00007fff2b855000 	/System/Library/PrivateFrameworks/AppServerSupport.framework/Versions/A/AppServerSupport
0x00007fff2d906000 	/System/Library/PrivateFrameworks/perfdata.framework/Versions/A/perfdata
0x00007fff29e2f000 	/System/Library/PrivateFrameworks/AssertionServices.framework/Versions/A/AssertionServices
0x00007fff218d8000 	/System/Library/PrivateFrameworks/AudioToolboxCore.framework/Versions/A/AudioToolboxCore
0x00007fff28615000 	/System/Library/PrivateFrameworks/caulk.framework/Versions/A/caulk
0x00007fff3d5b1000 	/System/Library/PrivateFrameworks/SystemPolicy.framework/Versions/A/SystemPolicy
0x00007fff2b065000 	/usr/lib/libIOReport.dylib
0x00007fff2d128000 	/usr/lib/libSMC.dylib
0x00007fff2bdf0000 	/usr/lib/libAudioToolboxUtility.dylib
0x00007fff3df1b000 	/usr/lib/libmis.dylib
0x00007fff6cad7000 	/System/Library/Frameworks/OpenGL.framework/Versions/A/Libraries/libGLU.dylib
0x00007fff6ca9a000 	/System/Library/Frameworks/OpenGL.framework/Versions/A/Libraries/libGFXShared.dylib
0x00007fff6cca9000 	/System/Library/Frameworks/OpenGL.framework/Versions/A/Libraries/libGL.dylib
0x00007fff6caa3000 	/System/Library/Frameworks/OpenGL.framework/Versions/A/Libraries/libGLImage.dylib
0x00007fff6ca97000 	/System/Library/Frameworks/OpenGL.framework/Versions/A/Libraries/libCVMSPluginSupport.dylib
0x00007fff6ca82000 	/System/Library/Frameworks/OpenGL.framework/Versions/A/Libraries/libCoreVMClient.dylib
0x00007fff6e0ea000 	/System/Library/Frameworks/OpenCL.framework/Versions/A/OpenCL
0x00007fff2b3df000 	/System/Library/PrivateFrameworks/GraphVisualizer.framework/Versions/A/GraphVisualizer
0x00007fff2b3ee000 	/System/Library/PrivateFrameworks/FaceCore.framework/Versions/A/FaceCore
0x00007fff2b80a000 	/System/Library/PrivateFrameworks/OTSVG.framework/Versions/A/OTSVG
0x00007fff27089000 	/System/Library/Frameworks/ApplicationServices.framework/Versions/A/Frameworks/ATS.framework/Versions/A/Resources/libFontRegistry.dylib
0x00007fff2b85c000 	/System/Library/PrivateFrameworks/FontServices.framework/libhvf.dylib
0x00007fff2b21c000 	/System/Library/PrivateFrameworks/AppleVA.framework/Versions/A/AppleVA
0x00007fff2cf71000 	/System/Library/Frameworks/ApplicationServices.framework/Versions/A/Frameworks/ATS.framework/Versions/A/ATS
0x00007fff2d283000 	/System/Library/Frameworks/ApplicationServices.framework/Versions/A/Frameworks/ColorSyncLegacy.framework/Versions/A/ColorSyncLegacy
0x00007fff25895000 	/System/Library/Frameworks/ApplicationServices.framework/Versions/A/Frameworks/HIServices.framework/Versions/A/HIServices
0x00007fff2d268000 	/System/Library/Frameworks/ApplicationServices.framework/Versions/A/Frameworks/LangAnalysis.framework/Versions/A/LangAnalysis
0x00007fff2bf3c000 	/System/Library/Frameworks/ApplicationServices.framework/Versions/A/Frameworks/PrintCore.framework/Versions/A/PrintCore
0x00007fff2d28b000 	/System/Library/Frameworks/ApplicationServices.framework/Versions/A/Frameworks/QD.framework/Versions/A/QD
0x00007fff2cf61000 	/System/Library/Frameworks/ApplicationServices.framework/Versions/A/Frameworks/SpeechSynthesis.framework/Versions/A/SpeechSynthesis
0x00007fff2befd000 	/System/Library/Frameworks/ApplicationServices.framework/Versions/A/Frameworks/ATSUI.framework/Versions/A/ATSUI
0x00007fff2d208000 	/usr/lib/libcups.2.dylib
0x00007fff2d278000 	/System/Library/PrivateFrameworks/NetAuth.framework/Versions/A/NetAuth
0x00007fff2d922000 	/System/Library/Frameworks/Kerberos.framework/Versions/A/Kerberos
0x00007fff2d932000 	/System/Library/Frameworks/GSS.framework/Versions/A/GSS
0x00007fff2cfdd000 	/usr/lib/libresolv.9.dylib
0x00007fff2b871000 	/System/Library/PrivateFrameworks/Heimdal.framework/Versions/A/Heimdal
0x00007fff336b6000 	/System/Library/Frameworks/Kerberos.framework/Versions/A/Libraries/libHeimdalProxy.dylib
0x00007fff2647b000 	/System/Library/Frameworks/Network.framework/Versions/A/Network
0x00007fff2b28a000 	/usr/lib/libheimdal-asn1.dylib
0x00007fff2d982000 	/System/Library/PrivateFrameworks/CommonAuth.framework/Versions/A/CommonAuth
0x00007fff274df000 	/System/Library/PrivateFrameworks/login.framework/Versions/A/Frameworks/loginsupport.framework/Versions/A/loginsupport
0x00007fff2cee6000 	/System/Library/PrivateFrameworks/AudioSession.framework/Versions/A/AudioSession
0x00007fff2cf4e000 	/usr/lib/libAudioStatistics.dylib
0x00007fff2b317000 	/System/Library/PrivateFrameworks/MediaExperience.framework/Versions/A/MediaExperience
0x00007fff2cd83000 	/System/Library/PrivateFrameworks/AudioSession.framework/libSessionUtility.dylib
0x00007fff2d913000 	/usr/lib/libperfcheck.dylib
0x00007fff2d297000 	/System/Library/PrivateFrameworks/AudioResourceArbitration.framework/Versions/A/AudioResourceArbitration
0x00007fff2b294000 	/System/Library/PrivateFrameworks/IconFoundation.framework/Versions/A/IconFoundation
0x00007fff2fdc0000 	/System/Library/PrivateFrameworks/SpeechRecognitionCore.framework/Versions/A/SpeechRecognitionCore
0x00000001052fa000 	/Users/deca/Library/Java/JavaVirtualMachines/openjdk-19.0.2/Contents/Home/lib/server/libjvm.dylib
0x000000010645b000 	/Users/deca/Library/Java/JavaVirtualMachines/openjdk-19.0.2/Contents/Home/lib/libjimage.dylib
0x000000010646d000 	/Users/deca/Library/Java/JavaVirtualMachines/openjdk-19.0.2/Contents/Home/lib/libinstrument.dylib
0x0000000106481000 	/Users/deca/Library/Java/JavaVirtualMachines/openjdk-19.0.2/Contents/Home/lib/libjava.dylib
0x0000000107331000 	/Users/deca/Library/Java/JavaVirtualMachines/openjdk-19.0.2/Contents/Home/lib/libzip.dylib
0x0000000107345000 	/Users/deca/Library/Java/JavaVirtualMachines/openjdk-19.0.2/Contents/Home/lib/libnio.dylib
0x0000000107361000 	/Users/deca/Library/Java/JavaVirtualMachines/openjdk-19.0.2/Contents/Home/lib/libnet.dylib
0x000000010737d000 	/Users/deca/Library/Java/JavaVirtualMachines/openjdk-19.0.2/Contents/Home/lib/libextnet.dylib
0x000000010738d000 	/Users/deca/Library/Java/JavaVirtualMachines/openjdk-19.0.2/Contents/Home/lib/libmanagement.dylib
0x000000010739d000 	/Users/deca/Library/Java/JavaVirtualMachines/openjdk-19.0.2/Contents/Home/lib/libmanagement_ext.dylib
0x00000001073ad000 	/Users/deca/Library/Java/JavaVirtualMachines/openjdk-19.0.2/Contents/Home/lib/libverify.dylib


VM Arguments:
jvm_args: -javaagent:/Applications/IntelliJ IDEA CE.app/Contents/lib/idea_rt.jar=56233:/Applications/IntelliJ IDEA CE.app/Contents/bin -Dfile.encoding=UTF-8 -Dsun.stdout.encoding=UTF-8 -Dsun.stderr.encoding=UTF-8 
java_command: com.AjoPay.AjoPay.AjoPayApplication
java_class_path (initial): /Users/deca/Downloads/AjoPay/target/classes:/Users/deca/.m2/repository/org/springframework/boot/spring-boot-starter-data-jpa/3.1.5/spring-boot-starter-data-jpa-3.1.5.jar:/Users/deca/.m2/repository/org/springframework/boot/spring-boot-starter-aop/3.1.5/spring-boot-starter-aop-3.1.5.jar:/Users/deca/.m2/repository/org/springframework/spring-aop/6.0.13/spring-aop-6.0.13.jar:/Users/deca/.m2/repository/org/aspectj/aspectjweaver/1.9.20/aspectjweaver-1.9.20.jar:/Users/deca/.m2/repository/org/springframework/boot/spring-boot-starter-jdbc/3.1.5/spring-boot-starter-jdbc-3.1.5.jar:/Users/deca/.m2/repository/com/zaxxer/HikariCP/5.0.1/HikariCP-5.0.1.jar:/Users/deca/.m2/repository/org/springframework/spring-jdbc/6.0.13/spring-jdbc-6.0.13.jar:/Users/deca/.m2/repository/org/hibernate/orm/hibernate-core/6.2.13.Final/hibernate-core-6.2.13.Final.jar:/Users/deca/.m2/repository/jakarta/persistence/jakarta.persistence-api/3.1.0/jakarta.persistence-api-3.1.0.jar:/Users/deca/.m2/repository/jakarta/transaction/jakarta.transaction-api/2.0.1/jakarta.transaction-api-2.0.1.jar:/Users/deca/.m2/repository/org/jboss/logging/jboss-logging/3.5.3.Final/jboss-logging-3.5.3.Final.jar:/Users/deca/.m2/repository/org/hibernate/common/hibernate-commons-annotations/6.0.6.Final/hibernate-commons-annotations-6.0.6.Final.jar:/Users/deca/.m2/repository/io/smallrye/jandex/3.0.5/jandex-3.0.5.jar:/Users/deca/.m2/repository/com/fasterxml/classmate/1.5.1/classmate-1.5.1.jar:/Users/deca/.m2/repository/net/bytebuddy/byte-buddy/1.14.9/byte-buddy-1.14.9.jar:/Users/deca/.m2/repository/org/glassfish/jaxb/jaxb-runtime/4.0.3/jaxb-runtime-4.0.3.jar:/Users/deca/.m2/repository/org/glassfish/jaxb/jaxb-core/4.0.3/jaxb-core-4.0.3.jar:/Users/deca/.m2/repository/org/glassfish/jaxb/txw2/4.0.3/txw2-4.0.3.jar:/Users/deca/.m2/repository/com/sun/istack/istack-commons-runtime/4.1.2/istack-commons-runtime-4.1.2.jar:/Users/deca/.m2/repository/jakarta/inject/jakarta.inject-api/2.0.1/jakarta.inject-api-2.0.1.jar:/Users/deca/.m2/repository/org/antlr/antlr4-runtime/4.10.1/antlr4-runtime-4.10.1.jar:/Users/deca/.m2/repository/org/springframework/data/spring-data-jpa/3.1.5/spring-data-jpa-3.1.5.jar:/Users/deca/.m2/repository/org/springframework/data/spring-data-commons/3.1.5/spring-data-commons-3.1.5.jar:/Users/deca/.m2/repository/org/springframework/spring-orm/6.0.13/spring-orm-6.0.13.jar:/Users/deca/.m2/repository/org/springframework/spring-context/6.0.13/spring-context-6.0.13.jar:/Users/deca/.m2/repository/org/springframework/spring-tx/6.0.13/spring-tx-6.0.13.jar:/Users/deca/.m2/repository/org/springframework/spring-beans/6.0.13/spring-beans-6.0.13.jar:/Users/deca/.m2/repository/org/slf4j/slf4j-api/2.0.9/slf4j-api-2.0.9.jar:/Users/deca/.m2/repository/org/springframework/spring-aspects/6.0.13/spring-aspects-6.0.13.jar:/Users/deca/.m2/repository/org/springframework/boot/spring-boot-starter-web/3.1.5/spring-boot-starter-web-3.1.5.jar:/Users/deca/.m2/repository/org/springframework/boot/spring-boot-starter-json/3.1.5/spring-boot-starter-json-3.1.5.jar:/Users/deca/.m2/repository/com/fasterxml/jackson/datatype/jackson-datatype-jdk8/2.15.3/jackson-datatype-jdk8-2.15.3.jar:/Users/deca/.m2/repository/com/fasterxml/jackson/datatype/jackson-datatype-jsr310/2.15.3/jackson-datatype-jsr310-2.15.3.jar:/Users/deca/.m2/repository/com/fasterxml/jackson/module/jackson-module-parameter-names/2.15.3/jackson-module-parameter-names-2.15.3.jar:/Users/deca/.m2/repository/org/springframework/boot/spring-boot-starter-tomcat/3.1.5/spring-boot-starter-tomcat-3.1.5.jar:/Users/deca/.m2/repository/org/apache/tomcat/embed/tomcat-embed-core/10.1.15/tomcat-embed-core-10.1.15.jar:/Users/deca/.m2/repository/org/apache/tomcat/embed/tomcat-embed-el/10.1.15/tomcat-embed-el-10.1.15.jar:/Users/deca/.m2/repository/org/apache/tomcat/embed/tomcat-embed-websocket/10.1.15/tomcat-embed-websocket-10.1.15.jar:/Users/deca/.m2/repository/org/springframework/spring-web/6.0.13/spring-web-6.0.13.jar:/Users/deca/.m2/repository/io/micrometer/micrometer-observation/1.11.5/micrometer-observation-1.11.5.jar:/Users/deca/.m2/repository/io/micrometer/micrometer-commons/1.11.5/micrometer-commons-1.11.5.jar:/Users/deca/.m2/repository/org/springframework/spring-webmvc/6.0.13/spring-webmvc-6.0.13.jar:/Users/deca/.m2/repository/org/springframework/spring-expression/6.0.13/spring-expression-6.0.13.jar:/Users/deca/.m2/repository/org/springframework/boot/spring-boot-devtools/3.1.5/spring-boot-devtools-3.1.5.jar:/Users/deca/.m2/repository/org/springframework/boot/spring-boot/3.1.5/spring-boot-3.1.5.jar:/Users/deca/.m2/repository/org/springframework/boot/spring-boot-autoconfigure/3.1.5/spring-boot-autoconfigure-3.1.5.jar:/Users/deca/.m2/repository/com/mysql/mysql-connector-j/8.0.33/mysql-connector-j-8.0.33.jar:/Users/deca/.m2/repository/org/springframework/boot/spring-boot-starter-mail/3.1.5/spring-boot-starter-mail-3.1.5.jar:/Users/deca/.m2/repository/org/springframework/spring-context-support/6.0.13/spring-context-support-6.0.13.jar:/Users/deca/.m2/repository/org/eclipse/angus/jakarta.mail/1.1.0/jakarta.mail-1.1.0.jar:/Users/deca/.m2/repository/jakarta/activation/jakarta.activation-api/2.1.2/jakarta.activation-api-2.1.2.jar:/Users/deca/.m2/repository/org/eclipse/angus/angus-activation/2.0.1/angus-activation-2.0.1.jar:/Users/deca/.m2/repository/org/springframework/boot/spring-boot-starter-webflux/3.1.5/spring-boot-starter-webflux-3.1.5.jar:/Users/deca/.m2/repository/org/springframework/boot/spring-boot-starter-reactor-netty/3.1.5/spring-boot-starter-reactor-netty-3.1.5.jar:/Users/deca/.m2/repository/io/projectreactor/netty/reactor-netty-http/1.1.12/reactor-netty-http-1.1.12.jar:/Users/deca/.m2/repository/io/netty/netty-codec-http/4.1.100.Final/netty-codec-http-4.1.100.Final.jar:/Users/deca/.m2/repository/io/netty/netty-common/4.1.100.Final/netty-common-4.1.100.Final.jar:/Users/deca/.m2/repository/io/netty/netty-buffer/4.1.100.Final/netty-buffer-4.1.100.Final.jar:/Users/deca/.m2/repository/io/netty/netty-transport/4.1.100.Final/netty-transport-4.1.100.Final.jar:/Users/deca/.m2/repository/io/netty/netty-codec/4.1.100.Final/netty-codec-4.1.100.Final.jar:/Users/deca/.m2/repository/io/netty/netty-handler/4.1.100.Final/netty-handler-4.1.100.Final.jar:/Users/deca/.m2/repository/io/netty/netty-codec-http2/4.1.100.Final/netty-codec-http2-4.1.100.Final.jar:/Users/deca/.m2/repository/io/netty/netty-resolver-dns/4.1.100.Final/netty-resolver-dns-4.1.100.Final.jar:/Users/deca/.m2/repository/io/netty/netty-resolver/4.1.100.Final/netty-resolver-4.1.100.Final.jar:/Users/deca/.m2/repository/io/netty/netty-codec-dns/4.1.100.Final/netty-codec-dns-4.1.100.Final.jar:/Users/deca/.m2/repository/io/netty/netty-resolver-dns-native-macos/4.1.100.Final/netty-resolver-dns-native-macos-4.1.100.Final-osx-x86_64.jar:/Users/deca/.m2/repository/io/netty/netty-resolver-dns-classes-macos/4.1.100.Final/netty-resolver-dns-classes-macos-4.1.100.Final.jar:/Users/deca/.m2/repository/io/netty/netty-transport-native-epoll/4.1.100.Final/netty-transport-native-epoll-4.1.100.Final-linux-x86_64.jar:/Users/deca/.m2/repository/io/netty/netty-transport-native-unix-common/4.1.100.Final/netty-transport-native-unix-common-4.1.100.Final.jar:/Users/deca/.m2/repository/io/netty/netty-transport-classes-epoll/4.1.100.Final/netty-transport-classes-epoll-4.1.100.Final.jar:/Users/deca/.m2/repository/io/projectreactor/netty/reactor-netty-core/1.1.12/reactor-netty-core-1.1.12.jar:/Users/deca/.m2/repository/io/netty/netty-handler-proxy/4.1.100.Final/netty-handler-proxy-4.1.100.Final.jar:/Users/deca/.m2/repository/io/netty/netty-codec-socks/4.1.100.Final/netty-codec-socks-4.1.100.Final.jar:/Users/deca/.m2/repository/org/springframework/spring-webflux/6.0.13/spring-webflux-6.0.13.jar:/Users/deca/.m2/repository/io/projectreactor/reactor-core/3.5.11/reactor-core-3.5.11.jar:/Users/deca/.m2/repository/org/reactivestreams/reactive-streams/1.0.4/reactive-streams-1.0.4.jar:/Users/deca/.m2/repository/org/springframework/boot/spring-boot-starter/3.1.5/spring-boot-starter-3.1.5.jar:/Users/deca/.m2/repository/org/springframework/boot/spring-boot-starter-logging/3.1.5/spring-boot-starter-logging-3.1.5.jar:/Users/deca/.m2/repository/ch/qos/logback/logback-classic/1.4.11/logback-classic-1.4.11.jar:/Users/deca/.m2/repository/ch/qos/logback/logback-core/1.4.11/logback-core-1.4.11.jar:/Users/deca/.m2/repository/org/apache/logging/log4j/log4j-to-slf4j/2.20.0/log4j-to-slf4j-2.20.0.jar:/Users/deca/.m2/repository/org/apache/logging/log4j/log4j-api/2.20.0/log4j-api-2.20.0.jar:/Users/deca/.m2/repository/org/slf4j/jul-to-slf4j/2.0.9/jul-to-slf4j-2.0.9.jar:/Users/deca/.m2/repository/jakarta/annotation/jakarta.annotation-api/2.1.1/jakarta.annotation-api-2.1.1.jar:/Users/deca/.m2/repository/org/springframework/spring-core/6.0.13/spring-core-6.0.13.jar:/Users/deca/.m2/repository/org/springframework/spring-jcl/6.0.13/spring-jcl-6.0.13.jar:/Users/deca/.m2/repository/org/yaml/snakeyaml/1.33/snakeyaml-1.33.jar:/Users/deca/.m2/repository/com/flutterwave/f4b-java/3.0.1/f4b-java-3.0.1.jar:/Users/deca/.m2/repository/org/hibernate/validator/hibernate-validator/8.0.1.Final/hibernate-validator-8.0.1.Final.jar:/Users/deca/.m2/repository/jakarta/validation/jakarta.validation-api/3.0.2/jakarta.validation-api-3.0.2.jar:/Users/deca/.m2/repository/javax/validation/validation-api/2.0.1.Final/validation-api-2.0.1.Final.jar:/Users/deca/.m2/repository/org/json/json/20220924/json-20220924.jar:/Users/deca/.m2/repository/org/apache/httpcomponents/httpclient/4.5.13/httpclient-4.5.13.jar:/Users/deca/.m2/repository/commons-logging/commons-logging/1.2/commons-logging-1.2.jar:/Users/deca/.m2/repository/commons-codec/commons-codec/1.15/commons-codec-1.15.jar:/Users/deca/.m2/repository/org/apache/httpcomponents/httpcore/4.4.16/httpcore-4.4.16.jar:/Users/deca/.m2/repository/org/apache/commons/commons-lang3/3.12.0/commons-lang3-3.12.0.jar:/Users/deca/.m2/repository/com/fasterxml/jackson/core/jackson-databind/2.15.3/jackson-databind-2.15.3.jar:/Users/deca/.m2/repository/com/fasterxml/jackson/core/jackson-annotations/2.15.3/jackson-annotations-2.15.3.jar:/Users/deca/.m2/repository/com/fasterxml/jackson/core/jackson-core/2.15.3/jackson-core-2.15.3.jar:/Users/deca/.m2/repository/com/google/code/gson/gson/2.10.1/gson-2.10.1.jar:/Users/deca/.m2/repository/com/flutterwave/Rave-Java/1.03/Rave-Java-1.03.jar:/Users/deca/.m2/repository/log4j/log4j/1.2.17/log4j-1.2.17.jar:/Users/deca/.m2/repository/org/projectlombok/lombok/1.18.30/lombok-1.18.30.jar:/Users/deca/.m2/repository/jakarta/xml/bind/jakarta.xml.bind-api/4.0.1/jakarta.xml.bind-api-4.0.1.jar
Launcher Type: SUN_STANDARD

[Global flags]
     intx CICompilerCount                          = 3                                         {product} {ergonomic}
     uint ConcGCThreads                            = 1                                         {product} {ergonomic}
     uint G1ConcRefinementThreads                  = 4                                         {product} {ergonomic}
   size_t G1HeapRegionSize                         = 1048576                                   {product} {ergonomic}
    uintx GCDrainStackTargetSize                   = 64                                        {product} {ergonomic}
   size_t InitialHeapSize                          = 134217728                                 {product} {ergonomic}
   size_t MarkStackSize                            = 4194304                                   {product} {ergonomic}
   size_t MaxHeapSize                              = 2147483648                                {product} {ergonomic}
   size_t MaxNewSize                               = 1287651328                                {product} {ergonomic}
   size_t MinHeapDeltaBytes                        = 1048576                                   {product} {ergonomic}
   size_t MinHeapSize                              = 8388608                                   {product} {ergonomic}
    uintx NonNMethodCodeHeapSize                   = 5832780                                {pd product} {ergonomic}
    uintx NonProfiledCodeHeapSize                  = 122912730                              {pd product} {ergonomic}
    uintx ProfiledCodeHeapSize                     = 122912730                              {pd product} {ergonomic}
    uintx ReservedCodeCacheSize                    = 251658240                              {pd product} {ergonomic}
     bool SegmentedCodeCache                       = true                                      {product} {ergonomic}
   size_t SoftMaxHeapSize                          = 2147483648                             {manageable} {ergonomic}
     bool UseCompressedClassPointers               = true                           {product lp64_product} {ergonomic}
     bool UseCompressedOops                        = true                           {product lp64_product} {ergonomic}
     bool UseG1GC                                  = true                                      {product} {ergonomic}
     bool UseNUMA                                  = false                                     {product} {ergonomic}
     bool UseNUMAInterleaving                      = false                                     {product} {ergonomic}

Logging:
Log output configuration:
 #0: stdout all=warning uptime,level,tags foldmultilines=false
 #1: stderr all=off uptime,level,tags foldmultilines=false

Environment Variables:
PATH=/usr/local/bin:/usr/bin:/bin:/usr/sbin:/sbin:/Applications/Postgres.app/Contents/Versions/latest/bin
SHELL=/bin/zsh
LC_CTYPE=en_NG.UTF-8
TMPDIR=/var/folders/wz/ql_j3nvj437drhv8q2kmq4b00000gp/T/

Active Locale:
LC_ALL=C
LC_COLLATE=C
LC_CTYPE=C
LC_MESSAGES=C
LC_MONETARY=C
LC_NUMERIC=C
LC_TIME=C

Signal Handlers:
   SIGSEGV: crash_handler in libjvm.dylib, mask=11100110000111110111111111111111, flags=SA_RESTART|SA_SIGINFO
    SIGBUS: crash_handler in libjvm.dylib, mask=11100110000111110111111111111111, flags=SA_RESTART|SA_SIGINFO
    SIGFPE: crash_handler in libjvm.dylib, mask=11100110000111110111111111111111, flags=SA_RESTART|SA_SIGINFO
   SIGPIPE: javaSignalHandler in libjvm.dylib, mask=11100110000111110111111111111111, flags=SA_RESTART|SA_SIGINFO
   SIGXFSZ: javaSignalHandler in libjvm.dylib, mask=11100110000111110111111111111111, flags=SA_RESTART|SA_SIGINFO
    SIGILL: crash_handler in libjvm.dylib, mask=11100110000111110111111111111111, flags=SA_RESTART|SA_SIGINFO
   SIGUSR2: SR_handler in libjvm.dylib, mask=00100000000000000000000000000000, flags=SA_RESTART|SA_SIGINFO
    SIGHUP: UserHandler in libjvm.dylib, mask=11100110000111110111111111111111, flags=SA_RESTART|SA_SIGINFO
    SIGINT: UserHandler in libjvm.dylib, mask=11100110000111110111111111111111, flags=SA_RESTART|SA_SIGINFO
   SIGTERM: UserHandler in libjvm.dylib, mask=11100110000111110111111111111111, flags=SA_RESTART|SA_SIGINFO
   SIGQUIT: UserHandler in libjvm.dylib, mask=11100110000111110111111111111111, flags=SA_RESTART|SA_SIGINFO
   SIGTRAP: crash_handler in libjvm.dylib, mask=11100110000111110111111111111111, flags=SA_RESTART|SA_SIGINFO


---------------  S Y S T E M  ---------------

OS:
uname: Darwin 20.3.0 Darwin Kernel Version 20.3.0: Thu Jan 21 00:07:06 PST 2021; root:xnu-7195.81.3~1/RELEASE_X86_64 x86_64
OS uptime: 6 days 12:07 hours
rlimit (soft/hard): STACK 8192k/65532k , CORE 0k/infinity , NPROC 1392/2088 , NOFILE 10240/infinity , AS infinity/infinity , CPU infinity/infinity , DATA infinity/infinity , FSIZE infinity/infinity , MEMLOCK infinity/infinity , RSS infinity/infinity
load average: 30.01 113.67 99.13

CPU: total 4 (initial active 4) (2 cores per cpu, 2 threads per core) family 6 model 61 stepping 4 microcode 0x2f, cx8, cmov, fxsr, ht, mmx, 3dnowpref, sse, sse2, sse3, ssse3, sse4.1, sse4.2, popcnt, lzcnt, tsc, tscinvbit, avx, avx2, aes, erms, clmul, bmi1, bmi2, adx, fma, vzeroupper, clflush, rdtscp

Memory: 4k page, physical 8388608k(26536k free), swap 5242880k(1026048k free)

vm_info: OpenJDK 64-Bit Server VM (19.0.2+7-44) for bsd-amd64 JRE (19.0.2+7-44), built on 2022-11-30T18:02:09Z by "mach5one" with clang Apple LLVM 12.0.0 (clang-1200.0.32.29)

END.
